{"C:\\Users\\pandi\\Project\\nasa-tg-bot\\src\\app\\config\\development.ts": {"path":"C:\\Users\\pandi\\Project\\nasa-tg-bot\\src\\app\\config\\development.ts","statementMap":{"0":{"start":{"line":3,"column":13},"end":{"line":46,"column":2}}},"fnMap":{},"branchMap":{"0":{"loc":{"start":{"line":5,"column":11},"end":{"line":5,"column":47}},"type":"binary-expr","locations":[{"start":{"line":5,"column":11},"end":{"line":5,"column":41}},{"start":{"line":5,"column":45},"end":{"line":5,"column":47}}]},"1":{"loc":{"start":{"line":19,"column":12},"end":{"line":19,"column":42}},"type":"binary-expr","locations":[{"start":{"line":19,"column":12},"end":{"line":19,"column":36}},{"start":{"line":19,"column":40},"end":{"line":19,"column":42}}]}},"s":{"0":0},"f":{},"b":{"0":[0,0],"1":[0,0]}}
,"C:\\Users\\pandi\\Project\\nasa-tg-bot\\src\\app\\config\\production.ts": {"path":"C:\\Users\\pandi\\Project\\nasa-tg-bot\\src\\app\\config\\production.ts","statementMap":{"0":{"start":{"line":3,"column":13},"end":{"line":46,"column":2}}},"fnMap":{},"branchMap":{"0":{"loc":{"start":{"line":5,"column":11},"end":{"line":5,"column":47}},"type":"binary-expr","locations":[{"start":{"line":5,"column":11},"end":{"line":5,"column":41}},{"start":{"line":5,"column":45},"end":{"line":5,"column":47}}]},"1":{"loc":{"start":{"line":19,"column":12},"end":{"line":19,"column":42}},"type":"binary-expr","locations":[{"start":{"line":19,"column":12},"end":{"line":19,"column":36}},{"start":{"line":19,"column":40},"end":{"line":19,"column":42}}]}},"s":{"0":0},"f":{},"b":{"0":[0,0],"1":[0,0]}}
,"C:\\Users\\pandi\\Project\\nasa-tg-bot\\src\\features\\apod\\services\\apodService.ts": {"path":"C:\\Users\\pandi\\Project\\nasa-tg-bot\\src\\features\\apod\\services\\apodService.ts","statementMap":{"0":{"start":{"line":2,"column":0},"end":{"line":2,"column":45}},"1":{"start":{"line":19,"column":22},"end":{"line":19,"column":38}},"2":{"start":{"line":26,"column":22},"end":{"line":26,"column":53}},"3":{"start":{"line":27,"column":20},"end":{"line":27,"column":49}},"4":{"start":{"line":30,"column":21},"end":{"line":30,"column":60}},"5":{"start":{"line":31,"column":23},"end":{"line":31,"column":47}},"6":{"start":{"line":32,"column":23},"end":{"line":32,"column":65}},"7":{"start":{"line":35,"column":17},"end":{"line":35,"column":41}},"8":{"start":{"line":36,"column":18},"end":{"line":36,"column":68}},"9":{"start":{"line":37,"column":16},"end":{"line":37,"column":61}},"10":{"start":{"line":39,"column":4},"end":{"line":39,"column":37}},"11":{"start":{"line":46,"column":23},"end":{"line":46,"column":48}},"12":{"start":{"line":47,"column":4},"end":{"line":47,"column":44}},"13":{"start":{"line":54,"column":4},"end":{"line":57,"column":52}},"14":{"start":{"line":64,"column":4},"end":{"line":67,"column":53}},"15":{"start":{"line":18,"column":0},"end":{"line":18,"column":13}}},"fnMap":{"0":{"name":"(anonymous_0)","decl":{"start":{"line":19,"column":2},"end":{"line":19,"column":22}},"loc":{"start":{"line":19,"column":38},"end":{"line":19,"column":42}}},"1":{"name":"(anonymous_1)","decl":{"start":{"line":25,"column":10},"end":{"line":25,"column":28}},"loc":{"start":{"line":25,"column":28},"end":{"line":40,"column":3}}},"2":{"name":"(anonymous_2)","decl":{"start":{"line":45,"column":2},"end":{"line":45,"column":7}},"loc":{"start":{"line":45,"column":21},"end":{"line":48,"column":3}}},"3":{"name":"(anonymous_3)","decl":{"start":{"line":53,"column":2},"end":{"line":53,"column":19}},"loc":{"start":{"line":53,"column":38},"end":{"line":58,"column":3}}},"4":{"name":"(anonymous_4)","decl":{"start":{"line":63,"column":2},"end":{"line":63,"column":18}},"loc":{"start":{"line":63,"column":37},"end":{"line":68,"column":3}}}},"branchMap":{},"s":{"0":0,"1":0,"2":0,"3":0,"4":0,"5":0,"6":0,"7":0,"8":0,"9":0,"10":0,"11":0,"12":0,"13":0,"14":0,"15":0},"f":{"0":0,"1":0,"2":0,"3":0,"4":0},"b":{}}
,"C:\\Users\\pandi\\Project\\nasa-tg-bot\\src\\features\\asteroids\\services\\asteroidsService.ts": {"path":"C:\\Users\\pandi\\Project\\nasa-tg-bot\\src\\features\\asteroids\\services\\asteroidsService.ts","statementMap":{"0":{"start":{"line":29,"column":22},"end":{"line":29,"column":48}},"1":{"start":{"line":35,"column":4},"end":{"line":35,"column":55}},"2":{"start":{"line":45,"column":22},"end":{"line":45,"column":80}},"3":{"start":{"line":45,"column":44},"end":{"line":45,"column":79}},"4":{"start":{"line":46,"column":25},"end":{"line":46,"column":84}},"5":{"start":{"line":46,"column":47},"end":{"line":46,"column":83}},"6":{"start":{"line":48,"column":4},"end":{"line":48,"column":39}},"7":{"start":{"line":55,"column":4},"end":{"line":59,"column":7}},"8":{"start":{"line":56,"column":24},"end":{"line":56,"column":85}},"9":{"start":{"line":57,"column":24},"end":{"line":57,"column":85}},"10":{"start":{"line":58,"column":6},"end":{"line":58,"column":35}},"11":{"start":{"line":66,"column":21},"end":{"line":66,"column":52}},"12":{"start":{"line":67,"column":4},"end":{"line":71,"column":107}},"13":{"start":{"line":78,"column":21},"end":{"line":78,"column":52}},"14":{"start":{"line":79,"column":4},"end":{"line":83,"column":107}},"15":{"start":{"line":95,"column":31},"end":{"line":95,"column":33}},"16":{"start":{"line":96,"column":25},"end":{"line":96,"column":40}},"17":{"start":{"line":98,"column":4},"end":{"line":107,"column":5}},"18":{"start":{"line":99,"column":27},"end":{"line":99,"column":55}},"19":{"start":{"line":101,"column":6},"end":{"line":106,"column":7}},"20":{"start":{"line":102,"column":8},"end":{"line":102,"column":45}},"21":{"start":{"line":103,"column":8},"end":{"line":103,"column":38}},"22":{"start":{"line":105,"column":8},"end":{"line":105,"column":39}},"23":{"start":{"line":109,"column":4},"end":{"line":111,"column":5}},"24":{"start":{"line":110,"column":6},"end":{"line":110,"column":43}},"25":{"start":{"line":113,"column":4},"end":{"line":113,"column":20}},"26":{"start":{"line":28,"column":0},"end":{"line":28,"column":13}}},"fnMap":{"0":{"name":"(anonymous_0)","decl":{"start":{"line":29,"column":2},"end":{"line":29,"column":22}},"loc":{"start":{"line":29,"column":48},"end":{"line":29,"column":52}}},"1":{"name":"(anonymous_1)","decl":{"start":{"line":34,"column":2},"end":{"line":34,"column":7}},"loc":{"start":{"line":34,"column":37},"end":{"line":36,"column":3}}},"2":{"name":"(anonymous_2)","decl":{"start":{"line":41,"column":2},"end":{"line":41,"column":19}},"loc":{"start":{"line":41,"column":41},"end":{"line":49,"column":3}}},"3":{"name":"(anonymous_3)","decl":{"start":{"line":45,"column":39},"end":{"line":45,"column":40}},"loc":{"start":{"line":45,"column":44},"end":{"line":45,"column":79}}},"4":{"name":"(anonymous_4)","decl":{"start":{"line":46,"column":42},"end":{"line":46,"column":43}},"loc":{"start":{"line":46,"column":47},"end":{"line":46,"column":83}}},"5":{"name":"(anonymous_5)","decl":{"start":{"line":54,"column":2},"end":{"line":54,"column":16}},"loc":{"start":{"line":54,"column":38},"end":{"line":60,"column":3}}},"6":{"name":"(anonymous_6)","decl":{"start":{"line":55,"column":31},"end":{"line":55,"column":32}},"loc":{"start":{"line":55,"column":40},"end":{"line":59,"column":5}}},"7":{"name":"(anonymous_7)","decl":{"start":{"line":65,"column":2},"end":{"line":65,"column":25}},"loc":{"start":{"line":65,"column":44},"end":{"line":72,"column":3}}},"8":{"name":"(anonymous_8)","decl":{"start":{"line":77,"column":2},"end":{"line":77,"column":20}},"loc":{"start":{"line":77,"column":39},"end":{"line":84,"column":3}}},"9":{"name":"(anonymous_9)","decl":{"start":{"line":89,"column":2},"end":{"line":89,"column":24}},"loc":{"start":{"line":93,"column":28},"end":{"line":114,"column":3}}}},"branchMap":{"0":{"loc":{"start":{"line":34,"column":21},"end":{"line":34,"column":37}},"type":"default-arg","locations":[{"start":{"line":34,"column":36},"end":{"line":34,"column":37}}]},"1":{"loc":{"start":{"line":93,"column":4},"end":{"line":93,"column":28}},"type":"default-arg","locations":[{"start":{"line":93,"column":24},"end":{"line":93,"column":28}}]},"2":{"loc":{"start":{"line":101,"column":6},"end":{"line":106,"column":7}},"type":"if","locations":[{"start":{"line":101,"column":6},"end":{"line":106,"column":7}},{"start":{"line":104,"column":13},"end":{"line":106,"column":7}}]},"3":{"loc":{"start":{"line":101,"column":10},"end":{"line":101,"column":110}},"type":"binary-expr","locations":[{"start":{"line":101,"column":10},"end":{"line":101,"column":65}},{"start":{"line":101,"column":69},"end":{"line":101,"column":110}}]},"4":{"loc":{"start":{"line":109,"column":4},"end":{"line":111,"column":5}},"type":"if","locations":[{"start":{"line":109,"column":4},"end":{"line":111,"column":5}},{"start":{},"end":{}}]}},"s":{"0":0,"1":0,"2":0,"3":0,"4":0,"5":0,"6":0,"7":0,"8":0,"9":0,"10":0,"11":0,"12":0,"13":0,"14":0,"15":0,"16":0,"17":0,"18":0,"19":0,"20":0,"21":0,"22":0,"23":0,"24":0,"25":0,"26":0},"f":{"0":0,"1":0,"2":0,"3":0,"4":0,"5":0,"6":0,"7":0,"8":0,"9":0},"b":{"0":[0],"1":[0],"2":[0,0],"3":[0,0],"4":[0,0]}}
,"C:\\Users\\pandi\\Project\\nasa-tg-bot\\src\\features\\donki\\formatters.ts": {"path":"C:\\Users\\pandi\\Project\\nasa-tg-bot\\src\\features\\donki\\formatters.ts","statementMap":{"0":{"start":{"line":19,"column":0},"end":{"line":19,"column":16}},"1":{"start":{"line":47,"column":0},"end":{"line":47,"column":16}},"2":{"start":{"line":89,"column":0},"end":{"line":89,"column":16}},"3":{"start":{"line":121,"column":0},"end":{"line":121,"column":16}},"4":{"start":{"line":141,"column":0},"end":{"line":141,"column":16}},"5":{"start":{"line":168,"column":0},"end":{"line":168,"column":16}},"6":{"start":{"line":189,"column":0},"end":{"line":189,"column":16}},"7":{"start":{"line":210,"column":0},"end":{"line":210,"column":16}},"8":{"start":{"line":256,"column":0},"end":{"line":256,"column":16}},"9":{"start":{"line":303,"column":0},"end":{"line":303,"column":16}},"10":{"start":{"line":337,"column":0},"end":{"line":337,"column":16}},"11":{"start":{"line":356,"column":0},"end":{"line":356,"column":16}},"12":{"start":{"line":401,"column":0},"end":{"line":401,"column":16}},"13":{"start":{"line":421,"column":0},"end":{"line":421,"column":16}},"14":{"start":{"line":441,"column":0},"end":{"line":441,"column":16}},"15":{"start":{"line":21,"column":2},"end":{"line":26,"column":3}},"16":{"start":{"line":22,"column":4},"end":{"line":22,"column":99}},"17":{"start":{"line":22,"column":23},"end":{"line":22,"column":99}},"18":{"start":{"line":23,"column":4},"end":{"line":23,"column":89}},"19":{"start":{"line":23,"column":22},"end":{"line":23,"column":89}},"20":{"start":{"line":24,"column":4},"end":{"line":24,"column":93}},"21":{"start":{"line":24,"column":22},"end":{"line":24,"column":93}},"22":{"start":{"line":25,"column":4},"end":{"line":25,"column":69}},"23":{"start":{"line":29,"column":2},"end":{"line":34,"column":3}},"24":{"start":{"line":30,"column":4},"end":{"line":30,"column":93}},"25":{"start":{"line":30,"column":17},"end":{"line":30,"column":93}},"26":{"start":{"line":31,"column":4},"end":{"line":31,"column":84}},"27":{"start":{"line":31,"column":17},"end":{"line":31,"column":84}},"28":{"start":{"line":32,"column":4},"end":{"line":32,"column":90}},"29":{"start":{"line":32,"column":17},"end":{"line":32,"column":90}},"30":{"start":{"line":33,"column":4},"end":{"line":33,"column":69}},"31":{"start":{"line":37,"column":2},"end":{"line":42,"column":3}},"32":{"start":{"line":38,"column":4},"end":{"line":38,"column":113}},"33":{"start":{"line":38,"column":36},"end":{"line":38,"column":113}},"34":{"start":{"line":39,"column":4},"end":{"line":39,"column":97}},"35":{"start":{"line":39,"column":36},"end":{"line":39,"column":97}},"36":{"start":{"line":40,"column":4},"end":{"line":40,"column":102}},"37":{"start":{"line":40,"column":36},"end":{"line":40,"column":102}},"38":{"start":{"line":41,"column":4},"end":{"line":41,"column":64}},"39":{"start":{"line":44,"column":2},"end":{"line":44,"column":65}},"40":{"start":{"line":48,"column":19},"end":{"line":48,"column":39}},"41":{"start":{"line":49,"column":16},"end":{"line":49,"column":85}},"42":{"start":{"line":50,"column":19},"end":{"line":50,"column":53}},"43":{"start":{"line":51,"column":15},"end":{"line":59,"column":18}},"44":{"start":{"line":61,"column":13},"end":{"line":61,"column":59}},"45":{"start":{"line":62,"column":2},"end":{"line":62,"column":46}},"46":{"start":{"line":63,"column":2},"end":{"line":63,"column":39}},"47":{"start":{"line":64,"column":2},"end":{"line":64,"column":50}},"48":{"start":{"line":65,"column":2},"end":{"line":65,"column":42}},"49":{"start":{"line":67,"column":2},"end":{"line":76,"column":3}},"50":{"start":{"line":68,"column":4},"end":{"line":68,"column":36}},"51":{"start":{"line":69,"column":4},"end":{"line":69,"column":48}},"52":{"start":{"line":70,"column":4},"end":{"line":70,"column":50}},"53":{"start":{"line":71,"column":4},"end":{"line":71,"column":47}},"54":{"start":{"line":72,"column":4},"end":{"line":72,"column":56}},"55":{"start":{"line":73,"column":4},"end":{"line":75,"column":5}},"56":{"start":{"line":74,"column":6},"end":{"line":74,"column":45}},"57":{"start":{"line":78,"column":2},"end":{"line":80,"column":3}},"58":{"start":{"line":79,"column":4},"end":{"line":79,"column":107}},"59":{"start":{"line":82,"column":2},"end":{"line":84,"column":3}},"60":{"start":{"line":83,"column":4},"end":{"line":83,"column":55}},"61":{"start":{"line":86,"column":2},"end":{"line":86,"column":14}},"62":{"start":{"line":90,"column":20},"end":{"line":96,"column":4}},"63":{"start":{"line":98,"column":19},"end":{"line":101,"column":4}},"64":{"start":{"line":103,"column":13},"end":{"line":103,"column":54}},"65":{"start":{"line":104,"column":2},"end":{"line":104,"column":43}},"66":{"start":{"line":105,"column":2},"end":{"line":105,"column":45}},"67":{"start":{"line":106,"column":2},"end":{"line":106,"column":40}},"68":{"start":{"line":107,"column":2},"end":{"line":107,"column":66}},"69":{"start":{"line":108,"column":2},"end":{"line":108,"column":78}},"70":{"start":{"line":110,"column":2},"end":{"line":112,"column":3}},"71":{"start":{"line":111,"column":4},"end":{"line":111,"column":69}},"72":{"start":{"line":114,"column":2},"end":{"line":116,"column":3}},"73":{"start":{"line":115,"column":4},"end":{"line":115,"column":111}},"74":{"start":{"line":118,"column":2},"end":{"line":118,"column":14}},"75":{"start":{"line":122,"column":20},"end":{"line":128,"column":4}},"76":{"start":{"line":130,"column":13},"end":{"line":130,"column":62}},"77":{"start":{"line":131,"column":2},"end":{"line":131,"column":41}},"78":{"start":{"line":132,"column":2},"end":{"line":132,"column":52}},"79":{"start":{"line":134,"column":2},"end":{"line":136,"column":3}},"80":{"start":{"line":135,"column":4},"end":{"line":135,"column":94}},"81":{"start":{"line":135,"column":64},"end":{"line":135,"column":77}},"82":{"start":{"line":138,"column":2},"end":{"line":138,"column":14}},"83":{"start":{"line":142,"column":20},"end":{"line":148,"column":4}},"84":{"start":{"line":150,"column":13},"end":{"line":150,"column":52}},"85":{"start":{"line":151,"column":2},"end":{"line":151,"column":41}},"86":{"start":{"line":152,"column":2},"end":{"line":152,"column":45}},"87":{"start":{"line":154,"column":2},"end":{"line":159,"column":3}},"88":{"start":{"line":155,"column":18},"end":{"line":155,"column":60}},"89":{"start":{"line":155,"column":54},"end":{"line":155,"column":58}},"90":{"start":{"line":156,"column":18},"end":{"line":156,"column":103}},"91":{"start":{"line":156,"column":53},"end":{"line":156,"column":63}},"92":{"start":{"line":157,"column":4},"end":{"line":157,"column":52}},"93":{"start":{"line":158,"column":4},"end":{"line":158,"column":47}},"94":{"start":{"line":161,"column":2},"end":{"line":163,"column":3}},"95":{"start":{"line":162,"column":4},"end":{"line":162,"column":107}},"96":{"start":{"line":165,"column":2},"end":{"line":165,"column":14}},"97":{"start":{"line":169,"column":20},"end":{"line":175,"column":4}},"98":{"start":{"line":177,"column":13},"end":{"line":177,"column":52}},"99":{"start":{"line":178,"column":2},"end":{"line":178,"column":46}},"100":{"start":{"line":179,"column":2},"end":{"line":179,"column":56}},"101":{"start":{"line":180,"column":2},"end":{"line":180,"column":52}},"102":{"start":{"line":182,"column":2},"end":{"line":184,"column":3}},"103":{"start":{"line":183,"column":4},"end":{"line":183,"column":94}},"104":{"start":{"line":183,"column":64},"end":{"line":183,"column":77}},"105":{"start":{"line":186,"column":2},"end":{"line":186,"column":14}},"106":{"start":{"line":190,"column":20},"end":{"line":196,"column":4}},"107":{"start":{"line":198,"column":13},"end":{"line":198,"column":46}},"108":{"start":{"line":199,"column":2},"end":{"line":199,"column":44}},"109":{"start":{"line":200,"column":2},"end":{"line":200,"column":58}},"110":{"start":{"line":201,"column":2},"end":{"line":201,"column":115}},"111":{"start":{"line":203,"column":2},"end":{"line":205,"column":3}},"112":{"start":{"line":204,"column":4},"end":{"line":204,"column":70}},"113":{"start":{"line":207,"column":2},"end":{"line":207,"column":14}},"114":{"start":{"line":211,"column":25},"end":{"line":217,"column":4}},"115":{"start":{"line":219,"column":13},"end":{"line":219,"column":53}},"116":{"start":{"line":220,"column":2},"end":{"line":220,"column":48}},"117":{"start":{"line":221,"column":2},"end":{"line":221,"column":53}},"118":{"start":{"line":222,"column":2},"end":{"line":222,"column":38}},"119":{"start":{"line":224,"column":2},"end":{"line":233,"column":3}},"120":{"start":{"line":225,"column":24},"end":{"line":231,"column":6}},"121":{"start":{"line":232,"column":4},"end":{"line":232,"column":75}},"122":{"start":{"line":235,"column":2},"end":{"line":246,"column":3}},"123":{"start":{"line":236,"column":4},"end":{"line":236,"column":41}},"124":{"start":{"line":237,"column":4},"end":{"line":245,"column":7}},"125":{"start":{"line":238,"column":26},"end":{"line":243,"column":8}},"126":{"start":{"line":244,"column":6},"end":{"line":244,"column":134}},"127":{"start":{"line":248,"column":2},"end":{"line":250,"column":3}},"128":{"start":{"line":249,"column":4},"end":{"line":249,"column":43}},"129":{"start":{"line":252,"column":2},"end":{"line":252,"column":14}},"130":{"start":{"line":257,"column":19},"end":{"line":257,"column":39}},"131":{"start":{"line":258,"column":16},"end":{"line":258,"column":36}},"132":{"start":{"line":259,"column":15},"end":{"line":259,"column":34}},"133":{"start":{"line":261,"column":15},"end":{"line":269,"column":18}},"134":{"start":{"line":272,"column":26},"end":{"line":272,"column":87}},"135":{"start":{"line":274,"column":13},"end":{"line":274,"column":55}},"136":{"start":{"line":275,"column":2},"end":{"line":275,"column":39}},"137":{"start":{"line":276,"column":2},"end":{"line":276,"column":64}},"138":{"start":{"line":277,"column":2},"end":{"line":277,"column":59}},"139":{"start":{"line":279,"column":2},"end":{"line":294,"column":3}},"140":{"start":{"line":280,"column":4},"end":{"line":280,"column":44}},"141":{"start":{"line":281,"column":4},"end":{"line":281,"column":69}},"142":{"start":{"line":283,"column":4},"end":{"line":291,"column":5}},"143":{"start":{"line":284,"column":6},"end":{"line":284,"column":159}},"144":{"start":{"line":285,"column":11},"end":{"line":291,"column":5}},"145":{"start":{"line":286,"column":6},"end":{"line":286,"column":112}},"146":{"start":{"line":287,"column":11},"end":{"line":291,"column":5}},"147":{"start":{"line":288,"column":6},"end":{"line":288,"column":81}},"148":{"start":{"line":290,"column":6},"end":{"line":290,"column":66}},"149":{"start":{"line":293,"column":4},"end":{"line":293,"column":79}},"150":{"start":{"line":296,"column":2},"end":{"line":298,"column":3}},"151":{"start":{"line":297,"column":4},"end":{"line":297,"column":64}},"152":{"start":{"line":300,"column":2},"end":{"line":300,"column":14}},"153":{"start":{"line":304,"column":15},"end":{"line":304,"column":66}},"154":{"start":{"line":305,"column":20},"end":{"line":310,"column":4}},"155":{"start":{"line":312,"column":13},"end":{"line":312,"column":57}},"156":{"start":{"line":313,"column":2},"end":{"line":313,"column":44}},"157":{"start":{"line":314,"column":2},"end":{"line":314,"column":104}},"158":{"start":{"line":316,"column":2},"end":{"line":332,"column":3}},"159":{"start":{"line":317,"column":4},"end":{"line":317,"column":44}},"160":{"start":{"line":319,"column":4},"end":{"line":329,"column":5}},"161":{"start":{"line":320,"column":6},"end":{"line":320,"column":116}},"162":{"start":{"line":321,"column":6},"end":{"line":321,"column":66}},"163":{"start":{"line":322,"column":11},"end":{"line":329,"column":5}},"164":{"start":{"line":323,"column":6},"end":{"line":323,"column":112}},"165":{"start":{"line":324,"column":6},"end":{"line":324,"column":52}},"166":{"start":{"line":325,"column":11},"end":{"line":329,"column":5}},"167":{"start":{"line":326,"column":6},"end":{"line":326,"column":131}},"168":{"start":{"line":328,"column":6},"end":{"line":328,"column":63}},"169":{"start":{"line":331,"column":4},"end":{"line":331,"column":87}},"170":{"start":{"line":334,"column":2},"end":{"line":334,"column":14}},"171":{"start":{"line":338,"column":20},"end":{"line":343,"column":4}},"172":{"start":{"line":345,"column":13},"end":{"line":345,"column":45}},"173":{"start":{"line":346,"column":2},"end":{"line":346,"column":44}},"174":{"start":{"line":348,"column":2},"end":{"line":348,"column":42}},"175":{"start":{"line":349,"column":2},"end":{"line":349,"column":74}},"176":{"start":{"line":350,"column":2},"end":{"line":350,"column":90}},"177":{"start":{"line":351,"column":2},"end":{"line":351,"column":113}},"178":{"start":{"line":353,"column":2},"end":{"line":353,"column":14}},"179":{"start":{"line":357,"column":20},"end":{"line":362,"column":4}},"180":{"start":{"line":364,"column":14},"end":{"line":364,"column":15}},"181":{"start":{"line":365,"column":2},"end":{"line":367,"column":3}},"182":{"start":{"line":366,"column":4},"end":{"line":366,"column":55}},"183":{"start":{"line":366,"column":48},"end":{"line":366,"column":52}},"184":{"start":{"line":369,"column":15},"end":{"line":369,"column":45}},"185":{"start":{"line":371,"column":13},"end":{"line":371,"column":57}},"186":{"start":{"line":372,"column":2},"end":{"line":372,"column":45}},"187":{"start":{"line":373,"column":2},"end":{"line":373,"column":68}},"188":{"start":{"line":375,"column":2},"end":{"line":379,"column":3}},"189":{"start":{"line":376,"column":4},"end":{"line":376,"column":42}},"190":{"start":{"line":378,"column":4},"end":{"line":378,"column":17}},"191":{"start":{"line":381,"column":2},"end":{"line":381,"column":42}},"192":{"start":{"line":383,"column":2},"end":{"line":394,"column":3}},"193":{"start":{"line":384,"column":4},"end":{"line":384,"column":120}},"194":{"start":{"line":385,"column":4},"end":{"line":385,"column":66}},"195":{"start":{"line":386,"column":9},"end":{"line":394,"column":3}},"196":{"start":{"line":387,"column":4},"end":{"line":387,"column":80}},"197":{"start":{"line":388,"column":4},"end":{"line":388,"column":78}},"198":{"start":{"line":389,"column":9},"end":{"line":394,"column":3}},"199":{"start":{"line":390,"column":4},"end":{"line":390,"column":107}},"200":{"start":{"line":391,"column":4},"end":{"line":391,"column":49}},"201":{"start":{"line":393,"column":4},"end":{"line":393,"column":82}},"202":{"start":{"line":396,"column":2},"end":{"line":396,"column":106}},"203":{"start":{"line":398,"column":2},"end":{"line":398,"column":14}},"204":{"start":{"line":402,"column":20},"end":{"line":407,"column":4}},"205":{"start":{"line":409,"column":13},"end":{"line":409,"column":52}},"206":{"start":{"line":410,"column":2},"end":{"line":410,"column":44}},"207":{"start":{"line":411,"column":2},"end":{"line":411,"column":47}},"208":{"start":{"line":413,"column":2},"end":{"line":413,"column":42}},"209":{"start":{"line":414,"column":2},"end":{"line":414,"column":103}},"210":{"start":{"line":415,"column":2},"end":{"line":415,"column":117}},"211":{"start":{"line":416,"column":2},"end":{"line":416,"column":99}},"212":{"start":{"line":418,"column":2},"end":{"line":418,"column":14}},"213":{"start":{"line":422,"column":20},"end":{"line":427,"column":4}},"214":{"start":{"line":429,"column":13},"end":{"line":429,"column":61}},"215":{"start":{"line":430,"column":2},"end":{"line":430,"column":44}},"216":{"start":{"line":431,"column":2},"end":{"line":431,"column":66}},"217":{"start":{"line":432,"column":2},"end":{"line":432,"column":115}},"218":{"start":{"line":434,"column":2},"end":{"line":436,"column":3}},"219":{"start":{"line":435,"column":4},"end":{"line":435,"column":70}},"220":{"start":{"line":438,"column":2},"end":{"line":438,"column":14}},"221":{"start":{"line":442,"column":25},"end":{"line":447,"column":4}},"222":{"start":{"line":449,"column":13},"end":{"line":449,"column":55}},"223":{"start":{"line":450,"column":2},"end":{"line":450,"column":51}},"224":{"start":{"line":452,"column":2},"end":{"line":460,"column":3}},"225":{"start":{"line":453,"column":24},"end":{"line":458,"column":6}},"226":{"start":{"line":459,"column":4},"end":{"line":459,"column":61}},"227":{"start":{"line":462,"column":2},"end":{"line":462,"column":42}},"228":{"start":{"line":463,"column":2},"end":{"line":463,"column":75}},"229":{"start":{"line":464,"column":2},"end":{"line":464,"column":128}},"230":{"start":{"line":466,"column":2},"end":{"line":468,"column":3}},"231":{"start":{"line":467,"column":4},"end":{"line":467,"column":85}},"232":{"start":{"line":470,"column":2},"end":{"line":474,"column":3}},"233":{"start":{"line":471,"column":4},"end":{"line":471,"column":88}},"234":{"start":{"line":473,"column":4},"end":{"line":473,"column":132}},"235":{"start":{"line":476,"column":2},"end":{"line":476,"column":14}}},"fnMap":{"0":{"name":"getRiskLevel","decl":{"start":{"line":19,"column":16},"end":{"line":19,"column":28}},"loc":{"start":{"line":19,"column":77},"end":{"line":45,"column":1}}},"1":{"name":"formatCME","decl":{"start":{"line":47,"column":16},"end":{"line":47,"column":25}},"loc":{"start":{"line":47,"column":39},"end":{"line":87,"column":1}}},"2":{"name":"formatFlare","decl":{"start":{"line":89,"column":16},"end":{"line":89,"column":27}},"loc":{"start":{"line":89,"column":45},"end":{"line":119,"column":1}}},"3":{"name":"formatSEP","decl":{"start":{"line":121,"column":16},"end":{"line":121,"column":25}},"loc":{"start":{"line":121,"column":39},"end":{"line":139,"column":1}}},"4":{"name":"(anonymous_4)","decl":{"start":{"line":135,"column":59},"end":{"line":135,"column":60}},"loc":{"start":{"line":135,"column":64},"end":{"line":135,"column":77}}},"5":{"name":"formatGST","decl":{"start":{"line":141,"column":16},"end":{"line":141,"column":25}},"loc":{"start":{"line":141,"column":39},"end":{"line":166,"column":1}}},"6":{"name":"(anonymous_6)","decl":{"start":{"line":155,"column":49},"end":{"line":155,"column":50}},"loc":{"start":{"line":155,"column":54},"end":{"line":155,"column":58}}},"7":{"name":"(anonymous_7)","decl":{"start":{"line":156,"column":41},"end":{"line":156,"column":42}},"loc":{"start":{"line":156,"column":53},"end":{"line":156,"column":63}}},"8":{"name":"formatIPS","decl":{"start":{"line":168,"column":16},"end":{"line":168,"column":25}},"loc":{"start":{"line":168,"column":39},"end":{"line":187,"column":1}}},"9":{"name":"(anonymous_9)","decl":{"start":{"line":183,"column":59},"end":{"line":183,"column":60}},"loc":{"start":{"line":183,"column":64},"end":{"line":183,"column":77}}},"10":{"name":"formatNotification","decl":{"start":{"line":189,"column":16},"end":{"line":189,"column":34}},"loc":{"start":{"line":189,"column":66},"end":{"line":208,"column":1}}},"11":{"name":"formatWSAEnlil","decl":{"start":{"line":210,"column":16},"end":{"line":210,"column":30}},"loc":{"start":{"line":210,"column":49},"end":{"line":253,"column":1}}},"12":{"name":"(anonymous_12)","decl":{"start":{"line":237,"column":27},"end":{"line":237,"column":28}},"loc":{"start":{"line":237,"column":43},"end":{"line":245,"column":5}}},"13":{"name":"formatCMESimple","decl":{"start":{"line":256,"column":16},"end":{"line":256,"column":31}},"loc":{"start":{"line":256,"column":45},"end":{"line":301,"column":1}}},"14":{"name":"formatFlareSimple","decl":{"start":{"line":303,"column":16},"end":{"line":303,"column":33}},"loc":{"start":{"line":303,"column":51},"end":{"line":335,"column":1}}},"15":{"name":"formatSEPSimple","decl":{"start":{"line":337,"column":16},"end":{"line":337,"column":31}},"loc":{"start":{"line":337,"column":45},"end":{"line":354,"column":1}}},"16":{"name":"formatGSTSimple","decl":{"start":{"line":356,"column":16},"end":{"line":356,"column":31}},"loc":{"start":{"line":356,"column":45},"end":{"line":399,"column":1}}},"17":{"name":"(anonymous_17)","decl":{"start":{"line":366,"column":43},"end":{"line":366,"column":44}},"loc":{"start":{"line":366,"column":48},"end":{"line":366,"column":52}}},"18":{"name":"formatIPSSimple","decl":{"start":{"line":401,"column":16},"end":{"line":401,"column":31}},"loc":{"start":{"line":401,"column":45},"end":{"line":419,"column":1}}},"19":{"name":"formatNotificationSimple","decl":{"start":{"line":421,"column":16},"end":{"line":421,"column":40}},"loc":{"start":{"line":421,"column":72},"end":{"line":439,"column":1}}},"20":{"name":"formatWSAEnlilSimple","decl":{"start":{"line":441,"column":16},"end":{"line":441,"column":36}},"loc":{"start":{"line":441,"column":55},"end":{"line":477,"column":1}}}},"branchMap":{"0":{"loc":{"start":{"line":21,"column":2},"end":{"line":26,"column":3}},"type":"if","locations":[{"start":{"line":21,"column":2},"end":{"line":26,"column":3}},{"start":{},"end":{}}]},"1":{"loc":{"start":{"line":22,"column":4},"end":{"line":22,"column":99}},"type":"if","locations":[{"start":{"line":22,"column":4},"end":{"line":22,"column":99}},{"start":{},"end":{}}]},"2":{"loc":{"start":{"line":23,"column":4},"end":{"line":23,"column":89}},"type":"if","locations":[{"start":{"line":23,"column":4},"end":{"line":23,"column":89}},{"start":{},"end":{}}]},"3":{"loc":{"start":{"line":24,"column":4},"end":{"line":24,"column":93}},"type":"if","locations":[{"start":{"line":24,"column":4},"end":{"line":24,"column":93}},{"start":{},"end":{}}]},"4":{"loc":{"start":{"line":29,"column":2},"end":{"line":34,"column":3}},"type":"if","locations":[{"start":{"line":29,"column":2},"end":{"line":34,"column":3}},{"start":{},"end":{}}]},"5":{"loc":{"start":{"line":30,"column":4},"end":{"line":30,"column":93}},"type":"if","locations":[{"start":{"line":30,"column":4},"end":{"line":30,"column":93}},{"start":{},"end":{}}]},"6":{"loc":{"start":{"line":31,"column":4},"end":{"line":31,"column":84}},"type":"if","locations":[{"start":{"line":31,"column":4},"end":{"line":31,"column":84}},{"start":{},"end":{}}]},"7":{"loc":{"start":{"line":32,"column":4},"end":{"line":32,"column":90}},"type":"if","locations":[{"start":{"line":32,"column":4},"end":{"line":32,"column":90}},{"start":{},"end":{}}]},"8":{"loc":{"start":{"line":37,"column":2},"end":{"line":42,"column":3}},"type":"if","locations":[{"start":{"line":37,"column":2},"end":{"line":42,"column":3}},{"start":{},"end":{}}]},"9":{"loc":{"start":{"line":38,"column":4},"end":{"line":38,"column":113}},"type":"if","locations":[{"start":{"line":38,"column":4},"end":{"line":38,"column":113}},{"start":{},"end":{}}]},"10":{"loc":{"start":{"line":39,"column":4},"end":{"line":39,"column":97}},"type":"if","locations":[{"start":{"line":39,"column":4},"end":{"line":39,"column":97}},{"start":{},"end":{}}]},"11":{"loc":{"start":{"line":40,"column":4},"end":{"line":40,"column":102}},"type":"if","locations":[{"start":{"line":40,"column":4},"end":{"line":40,"column":102}},{"start":{},"end":{}}]},"12":{"loc":{"start":{"line":49,"column":16},"end":{"line":49,"column":85}},"type":"cond-expr","locations":[{"start":{"line":49,"column":34},"end":{"line":49,"column":70}},{"start":{"line":49,"column":73},"end":{"line":49,"column":85}}]},"13":{"loc":{"start":{"line":50,"column":19},"end":{"line":50,"column":53}},"type":"binary-expr","locations":[{"start":{"line":50,"column":19},"end":{"line":50,"column":37}},{"start":{"line":50,"column":41},"end":{"line":50,"column":53}}]},"14":{"loc":{"start":{"line":51,"column":15},"end":{"line":59,"column":18}},"type":"cond-expr","locations":[{"start":{"line":52,"column":6},"end":{"line":58,"column":8}},{"start":{"line":59,"column":6},"end":{"line":59,"column":18}}]},"15":{"loc":{"start":{"line":67,"column":2},"end":{"line":76,"column":3}},"type":"if","locations":[{"start":{"line":67,"column":2},"end":{"line":76,"column":3}},{"start":{},"end":{}}]},"16":{"loc":{"start":{"line":72,"column":22},"end":{"line":72,"column":51}},"type":"binary-expr","locations":[{"start":{"line":72,"column":22},"end":{"line":72,"column":35}},{"start":{"line":72,"column":39},"end":{"line":72,"column":51}}]},"17":{"loc":{"start":{"line":73,"column":4},"end":{"line":75,"column":5}},"type":"if","locations":[{"start":{"line":73,"column":4},"end":{"line":75,"column":5}},{"start":{},"end":{}}]},"18":{"loc":{"start":{"line":78,"column":2},"end":{"line":80,"column":3}},"type":"if","locations":[{"start":{"line":78,"column":2},"end":{"line":80,"column":3}},{"start":{},"end":{}}]},"19":{"loc":{"start":{"line":79,"column":68},"end":{"line":79,"column":102}},"type":"cond-expr","locations":[{"start":{"line":79,"column":92},"end":{"line":79,"column":97}},{"start":{"line":79,"column":100},"end":{"line":79,"column":102}}]},"20":{"loc":{"start":{"line":82,"column":2},"end":{"line":84,"column":3}},"type":"if","locations":[{"start":{"line":82,"column":2},"end":{"line":84,"column":3}},{"start":{},"end":{}}]},"21":{"loc":{"start":{"line":107,"column":30},"end":{"line":107,"column":61}},"type":"binary-expr","locations":[{"start":{"line":107,"column":30},"end":{"line":107,"column":45}},{"start":{"line":107,"column":49},"end":{"line":107,"column":61}}]},"22":{"loc":{"start":{"line":108,"column":37},"end":{"line":108,"column":73}},"type":"binary-expr","locations":[{"start":{"line":108,"column":37},"end":{"line":108,"column":57}},{"start":{"line":108,"column":61},"end":{"line":108,"column":73}}]},"23":{"loc":{"start":{"line":110,"column":2},"end":{"line":112,"column":3}},"type":"if","locations":[{"start":{"line":110,"column":2},"end":{"line":112,"column":3}},{"start":{},"end":{}}]},"24":{"loc":{"start":{"line":114,"column":2},"end":{"line":116,"column":3}},"type":"if","locations":[{"start":{"line":114,"column":2},"end":{"line":116,"column":3}},{"start":{},"end":{}}]},"25":{"loc":{"start":{"line":115,"column":70},"end":{"line":115,"column":106}},"type":"cond-expr","locations":[{"start":{"line":115,"column":96},"end":{"line":115,"column":101}},{"start":{"line":115,"column":104},"end":{"line":115,"column":106}}]},"26":{"loc":{"start":{"line":134,"column":2},"end":{"line":136,"column":3}},"type":"if","locations":[{"start":{"line":134,"column":2},"end":{"line":136,"column":3}},{"start":{},"end":{}}]},"27":{"loc":{"start":{"line":134,"column":6},"end":{"line":134,"column":51}},"type":"binary-expr","locations":[{"start":{"line":134,"column":6},"end":{"line":134,"column":21}},{"start":{"line":134,"column":25},"end":{"line":134,"column":51}}]},"28":{"loc":{"start":{"line":154,"column":2},"end":{"line":159,"column":3}},"type":"if","locations":[{"start":{"line":154,"column":2},"end":{"line":159,"column":3}},{"start":{},"end":{}}]},"29":{"loc":{"start":{"line":154,"column":6},"end":{"line":154,"column":49}},"type":"binary-expr","locations":[{"start":{"line":154,"column":6},"end":{"line":154,"column":20}},{"start":{"line":154,"column":24},"end":{"line":154,"column":49}}]},"30":{"loc":{"start":{"line":161,"column":2},"end":{"line":163,"column":3}},"type":"if","locations":[{"start":{"line":161,"column":2},"end":{"line":163,"column":3}},{"start":{},"end":{}}]},"31":{"loc":{"start":{"line":162,"column":68},"end":{"line":162,"column":102}},"type":"cond-expr","locations":[{"start":{"line":162,"column":92},"end":{"line":162,"column":97}},{"start":{"line":162,"column":100},"end":{"line":162,"column":102}}]},"32":{"loc":{"start":{"line":182,"column":2},"end":{"line":184,"column":3}},"type":"if","locations":[{"start":{"line":182,"column":2},"end":{"line":184,"column":3}},{"start":{},"end":{}}]},"33":{"loc":{"start":{"line":182,"column":6},"end":{"line":182,"column":51}},"type":"binary-expr","locations":[{"start":{"line":182,"column":6},"end":{"line":182,"column":21}},{"start":{"line":182,"column":25},"end":{"line":182,"column":51}}]},"34":{"loc":{"start":{"line":201,"column":60},"end":{"line":201,"column":110}},"type":"cond-expr","locations":[{"start":{"line":201,"column":100},"end":{"line":201,"column":105}},{"start":{"line":201,"column":108},"end":{"line":201,"column":110}}]},"35":{"loc":{"start":{"line":203,"column":2},"end":{"line":205,"column":3}},"type":"if","locations":[{"start":{"line":203,"column":2},"end":{"line":205,"column":3}},{"start":{},"end":{}}]},"36":{"loc":{"start":{"line":224,"column":2},"end":{"line":233,"column":3}},"type":"if","locations":[{"start":{"line":224,"column":2},"end":{"line":233,"column":3}},{"start":{},"end":{}}]},"37":{"loc":{"start":{"line":235,"column":2},"end":{"line":246,"column":3}},"type":"if","locations":[{"start":{"line":235,"column":2},"end":{"line":246,"column":3}},{"start":{},"end":{}}]},"38":{"loc":{"start":{"line":235,"column":6},"end":{"line":235,"column":49}},"type":"binary-expr","locations":[{"start":{"line":235,"column":6},"end":{"line":235,"column":20}},{"start":{"line":235,"column":24},"end":{"line":235,"column":49}}]},"39":{"loc":{"start":{"line":244,"column":65},"end":{"line":244,"column":129}},"type":"cond-expr","locations":[{"start":{"line":244,"column":89},"end":{"line":244,"column":109}},{"start":{"line":244,"column":112},"end":{"line":244,"column":129}}]},"40":{"loc":{"start":{"line":248,"column":2},"end":{"line":250,"column":3}},"type":"if","locations":[{"start":{"line":248,"column":2},"end":{"line":250,"column":3}},{"start":{},"end":{}}]},"41":{"loc":{"start":{"line":258,"column":16},"end":{"line":258,"column":36}},"type":"binary-expr","locations":[{"start":{"line":258,"column":16},"end":{"line":258,"column":31}},{"start":{"line":258,"column":35},"end":{"line":258,"column":36}}]},"42":{"loc":{"start":{"line":261,"column":15},"end":{"line":269,"column":18}},"type":"cond-expr","locations":[{"start":{"line":262,"column":6},"end":{"line":268,"column":8}},{"start":{"line":269,"column":6},"end":{"line":269,"column":18}}]},"43":{"loc":{"start":{"line":272,"column":26},"end":{"line":272,"column":87}},"type":"cond-expr","locations":[{"start":{"line":272,"column":40},"end":{"line":272,"column":49}},{"start":{"line":272,"column":52},"end":{"line":272,"column":87}}]},"44":{"loc":{"start":{"line":272,"column":52},"end":{"line":272,"column":87}},"type":"cond-expr","locations":[{"start":{"line":272,"column":66},"end":{"line":272,"column":75}},{"start":{"line":272,"column":78},"end":{"line":272,"column":87}}]},"45":{"loc":{"start":{"line":279,"column":2},"end":{"line":294,"column":3}},"type":"if","locations":[{"start":{"line":279,"column":2},"end":{"line":294,"column":3}},{"start":{},"end":{}}]},"46":{"loc":{"start":{"line":279,"column":6},"end":{"line":279,"column":27}},"type":"binary-expr","locations":[{"start":{"line":279,"column":6},"end":{"line":279,"column":14}},{"start":{"line":279,"column":18},"end":{"line":279,"column":27}}]},"47":{"loc":{"start":{"line":283,"column":4},"end":{"line":291,"column":5}},"type":"if","locations":[{"start":{"line":283,"column":4},"end":{"line":291,"column":5}},{"start":{"line":285,"column":11},"end":{"line":291,"column":5}}]},"48":{"loc":{"start":{"line":285,"column":11},"end":{"line":291,"column":5}},"type":"if","locations":[{"start":{"line":285,"column":11},"end":{"line":291,"column":5}},{"start":{"line":287,"column":11},"end":{"line":291,"column":5}}]},"49":{"loc":{"start":{"line":287,"column":11},"end":{"line":291,"column":5}},"type":"if","locations":[{"start":{"line":287,"column":11},"end":{"line":291,"column":5}},{"start":{"line":289,"column":11},"end":{"line":291,"column":5}}]},"50":{"loc":{"start":{"line":296,"column":2},"end":{"line":298,"column":3}},"type":"if","locations":[{"start":{"line":296,"column":2},"end":{"line":298,"column":3}},{"start":{},"end":{}}]},"51":{"loc":{"start":{"line":314,"column":40},"end":{"line":314,"column":71}},"type":"binary-expr","locations":[{"start":{"line":314,"column":40},"end":{"line":314,"column":55}},{"start":{"line":314,"column":59},"end":{"line":314,"column":71}}]},"52":{"loc":{"start":{"line":316,"column":2},"end":{"line":332,"column":3}},"type":"if","locations":[{"start":{"line":316,"column":2},"end":{"line":332,"column":3}},{"start":{},"end":{}}]},"53":{"loc":{"start":{"line":319,"column":4},"end":{"line":329,"column":5}},"type":"if","locations":[{"start":{"line":319,"column":4},"end":{"line":329,"column":5}},{"start":{"line":322,"column":11},"end":{"line":329,"column":5}}]},"54":{"loc":{"start":{"line":322,"column":11},"end":{"line":329,"column":5}},"type":"if","locations":[{"start":{"line":322,"column":11},"end":{"line":329,"column":5}},{"start":{"line":325,"column":11},"end":{"line":329,"column":5}}]},"55":{"loc":{"start":{"line":325,"column":11},"end":{"line":329,"column":5}},"type":"if","locations":[{"start":{"line":325,"column":11},"end":{"line":329,"column":5}},{"start":{"line":327,"column":11},"end":{"line":329,"column":5}}]},"56":{"loc":{"start":{"line":365,"column":2},"end":{"line":367,"column":3}},"type":"if","locations":[{"start":{"line":365,"column":2},"end":{"line":367,"column":3}},{"start":{},"end":{}}]},"57":{"loc":{"start":{"line":365,"column":6},"end":{"line":365,"column":49}},"type":"binary-expr","locations":[{"start":{"line":365,"column":6},"end":{"line":365,"column":20}},{"start":{"line":365,"column":24},"end":{"line":365,"column":49}}]},"58":{"loc":{"start":{"line":375,"column":2},"end":{"line":379,"column":3}},"type":"if","locations":[{"start":{"line":375,"column":2},"end":{"line":379,"column":3}},{"start":{"line":377,"column":9},"end":{"line":379,"column":3}}]},"59":{"loc":{"start":{"line":383,"column":2},"end":{"line":394,"column":3}},"type":"if","locations":[{"start":{"line":383,"column":2},"end":{"line":394,"column":3}},{"start":{"line":386,"column":9},"end":{"line":394,"column":3}}]},"60":{"loc":{"start":{"line":386,"column":9},"end":{"line":394,"column":3}},"type":"if","locations":[{"start":{"line":386,"column":9},"end":{"line":394,"column":3}},{"start":{"line":389,"column":9},"end":{"line":394,"column":3}}]},"61":{"loc":{"start":{"line":389,"column":9},"end":{"line":394,"column":3}},"type":"if","locations":[{"start":{"line":389,"column":9},"end":{"line":394,"column":3}},{"start":{"line":392,"column":9},"end":{"line":394,"column":3}}]},"62":{"loc":{"start":{"line":432,"column":60},"end":{"line":432,"column":110}},"type":"cond-expr","locations":[{"start":{"line":432,"column":100},"end":{"line":432,"column":105}},{"start":{"line":432,"column":108},"end":{"line":432,"column":110}}]},"63":{"loc":{"start":{"line":434,"column":2},"end":{"line":436,"column":3}},"type":"if","locations":[{"start":{"line":434,"column":2},"end":{"line":436,"column":3}},{"start":{},"end":{}}]},"64":{"loc":{"start":{"line":452,"column":2},"end":{"line":460,"column":3}},"type":"if","locations":[{"start":{"line":452,"column":2},"end":{"line":460,"column":3}},{"start":{},"end":{}}]},"65":{"loc":{"start":{"line":466,"column":2},"end":{"line":468,"column":3}},"type":"if","locations":[{"start":{"line":466,"column":2},"end":{"line":468,"column":3}},{"start":{},"end":{}}]},"66":{"loc":{"start":{"line":470,"column":2},"end":{"line":474,"column":3}},"type":"if","locations":[{"start":{"line":470,"column":2},"end":{"line":474,"column":3}},{"start":{"line":472,"column":9},"end":{"line":474,"column":3}}]},"67":{"loc":{"start":{"line":470,"column":6},"end":{"line":470,"column":49}},"type":"binary-expr","locations":[{"start":{"line":470,"column":6},"end":{"line":470,"column":20}},{"start":{"line":470,"column":24},"end":{"line":470,"column":49}}]}},"s":{"0":0,"1":0,"2":0,"3":0,"4":0,"5":0,"6":0,"7":0,"8":0,"9":0,"10":0,"11":0,"12":0,"13":0,"14":0,"15":0,"16":0,"17":0,"18":0,"19":0,"20":0,"21":0,"22":0,"23":0,"24":0,"25":0,"26":0,"27":0,"28":0,"29":0,"30":0,"31":0,"32":0,"33":0,"34":0,"35":0,"36":0,"37":0,"38":0,"39":0,"40":0,"41":0,"42":0,"43":0,"44":0,"45":0,"46":0,"47":0,"48":0,"49":0,"50":0,"51":0,"52":0,"53":0,"54":0,"55":0,"56":0,"57":0,"58":0,"59":0,"60":0,"61":0,"62":0,"63":0,"64":0,"65":0,"66":0,"67":0,"68":0,"69":0,"70":0,"71":0,"72":0,"73":0,"74":0,"75":0,"76":0,"77":0,"78":0,"79":0,"80":0,"81":0,"82":0,"83":0,"84":0,"85":0,"86":0,"87":0,"88":0,"89":0,"90":0,"91":0,"92":0,"93":0,"94":0,"95":0,"96":0,"97":0,"98":0,"99":0,"100":0,"101":0,"102":0,"103":0,"104":0,"105":0,"106":0,"107":0,"108":0,"109":0,"110":0,"111":0,"112":0,"113":0,"114":0,"115":0,"116":0,"117":0,"118":0,"119":0,"120":0,"121":0,"122":0,"123":0,"124":0,"125":0,"126":0,"127":0,"128":0,"129":0,"130":0,"131":0,"132":0,"133":0,"134":0,"135":0,"136":0,"137":0,"138":0,"139":0,"140":0,"141":0,"142":0,"143":0,"144":0,"145":0,"146":0,"147":0,"148":0,"149":0,"150":0,"151":0,"152":0,"153":0,"154":0,"155":0,"156":0,"157":0,"158":0,"159":0,"160":0,"161":0,"162":0,"163":0,"164":0,"165":0,"166":0,"167":0,"168":0,"169":0,"170":0,"171":0,"172":0,"173":0,"174":0,"175":0,"176":0,"177":0,"178":0,"179":0,"180":0,"181":0,"182":0,"183":0,"184":0,"185":0,"186":0,"187":0,"188":0,"189":0,"190":0,"191":0,"192":0,"193":0,"194":0,"195":0,"196":0,"197":0,"198":0,"199":0,"200":0,"201":0,"202":0,"203":0,"204":0,"205":0,"206":0,"207":0,"208":0,"209":0,"210":0,"211":0,"212":0,"213":0,"214":0,"215":0,"216":0,"217":0,"218":0,"219":0,"220":0,"221":0,"222":0,"223":0,"224":0,"225":0,"226":0,"227":0,"228":0,"229":0,"230":0,"231":0,"232":0,"233":0,"234":0,"235":0},"f":{"0":0,"1":0,"2":0,"3":0,"4":0,"5":0,"6":0,"7":0,"8":0,"9":0,"10":0,"11":0,"12":0,"13":0,"14":0,"15":0,"16":0,"17":0,"18":0,"19":0,"20":0},"b":{"0":[0,0],"1":[0,0],"2":[0,0],"3":[0,0],"4":[0,0],"5":[0,0],"6":[0,0],"7":[0,0],"8":[0,0],"9":[0,0],"10":[0,0],"11":[0,0],"12":[0,0],"13":[0,0],"14":[0,0],"15":[0,0],"16":[0,0],"17":[0,0],"18":[0,0],"19":[0,0],"20":[0,0],"21":[0,0],"22":[0,0],"23":[0,0],"24":[0,0],"25":[0,0],"26":[0,0],"27":[0,0],"28":[0,0],"29":[0,0],"30":[0,0],"31":[0,0],"32":[0,0],"33":[0,0],"34":[0,0],"35":[0,0],"36":[0,0],"37":[0,0],"38":[0,0],"39":[0,0],"40":[0,0],"41":[0,0],"42":[0,0],"43":[0,0],"44":[0,0],"45":[0,0],"46":[0,0],"47":[0,0],"48":[0,0],"49":[0,0],"50":[0,0],"51":[0,0],"52":[0,0],"53":[0,0],"54":[0,0],"55":[0,0],"56":[0,0],"57":[0,0],"58":[0,0],"59":[0,0],"60":[0,0],"61":[0,0],"62":[0,0],"63":[0,0],"64":[0,0],"65":[0,0],"66":[0,0],"67":[0,0]}}
,"C:\\Users\\pandi\\Project\\nasa-tg-bot\\src\\features\\nasa\\api.ts": {"path":"C:\\Users\\pandi\\Project\\nasa-tg-bot\\src\\features\\nasa\\api.ts","statementMap":{"0":{"start":{"line":1,"column":0},"end":{"line":1,"column":42}},"1":{"start":{"line":2,"column":0},"end":{"line":2,"column":73}},"2":{"start":{"line":56,"column":21},"end":{"line":56,"column":89}},"3":{"start":{"line":57,"column":4},"end":{"line":59,"column":5}},"4":{"start":{"line":58,"column":6},"end":{"line":58,"column":70}},"5":{"start":{"line":60,"column":4},"end":{"line":60,"column":52}},"6":{"start":{"line":64,"column":21},"end":{"line":64,"column":91}},"7":{"start":{"line":65,"column":4},"end":{"line":67,"column":5}},"8":{"start":{"line":66,"column":6},"end":{"line":66,"column":75}},"9":{"start":{"line":68,"column":17},"end":{"line":68,"column":57}},"10":{"start":{"line":69,"column":19},"end":{"line":69,"column":26}},"11":{"start":{"line":70,"column":4},"end":{"line":73,"column":6}},"12":{"start":{"line":77,"column":20},"end":{"line":77,"column":30}},"13":{"start":{"line":78,"column":22},"end":{"line":78,"column":32}},"14":{"start":{"line":79,"column":4},"end":{"line":79,"column":48}},"15":{"start":{"line":81,"column":21},"end":{"line":82,"column":null}},"16":{"start":{"line":85,"column":4},"end":{"line":87,"column":5}},"17":{"start":{"line":86,"column":6},"end":{"line":86,"column":87}},"18":{"start":{"line":89,"column":17},"end":{"line":89,"column":59}},"19":{"start":{"line":90,"column":4},"end":{"line":98,"column":10}},"20":{"start":{"line":92,"column":24},"end":{"line":98,"column":8}},"21":{"start":{"line":51,"column":0},"end":{"line":51,"column":13}},"22":{"start":{"line":52,"column":26},"end":{"line":52,"column":56}},"23":{"start":{"line":53,"column":26},"end":{"line":53,"column":54}}},"fnMap":{"0":{"name":"(anonymous_0)","decl":{"start":{"line":55,"column":2},"end":{"line":55,"column":8}},"loc":{"start":{"line":55,"column":28},"end":{"line":61,"column":3}}},"1":{"name":"(anonymous_1)","decl":{"start":{"line":63,"column":2},"end":{"line":63,"column":8}},"loc":{"start":{"line":63,"column":28},"end":{"line":74,"column":3}}},"2":{"name":"(anonymous_2)","decl":{"start":{"line":76,"column":2},"end":{"line":76,"column":8}},"loc":{"start":{"line":76,"column":40},"end":{"line":99,"column":3}}},"3":{"name":"(anonymous_3)","decl":{"start":{"line":92,"column":11},"end":{"line":92,"column":19}},"loc":{"start":{"line":92,"column":24},"end":{"line":98,"column":8}}}},"branchMap":{"0":{"loc":{"start":{"line":57,"column":4},"end":{"line":59,"column":5}},"type":"if","locations":[{"start":{"line":57,"column":4},"end":{"line":59,"column":5}},{"start":{},"end":{}}]},"1":{"loc":{"start":{"line":65,"column":4},"end":{"line":67,"column":5}},"type":"if","locations":[{"start":{"line":65,"column":4},"end":{"line":67,"column":5}},{"start":{},"end":{}}]},"2":{"loc":{"start":{"line":85,"column":4},"end":{"line":87,"column":5}},"type":"if","locations":[{"start":{"line":85,"column":4},"end":{"line":87,"column":5}},{"start":{},"end":{}}]}},"s":{"0":0,"1":0,"2":0,"3":0,"4":0,"5":0,"6":0,"7":0,"8":0,"9":0,"10":0,"11":0,"12":0,"13":0,"14":0,"15":0,"16":0,"17":0,"18":0,"19":0,"20":0,"21":0,"22":0,"23":0},"f":{"0":0,"1":0,"2":0,"3":0},"b":{"0":[0,0],"1":[0,0],"2":[0,0]}}
,"C:\\Users\\pandi\\Project\\nasa-tg-bot\\src\\features\\nasa\\formatters.ts": {"path":"C:\\Users\\pandi\\Project\\nasa-tg-bot\\src\\features\\nasa\\formatters.ts","statementMap":{"0":{"start":{"line":1,"column":0},"end":{"line":1,"column":42}},"1":{"start":{"line":31,"column":13},"end":{"line":75,"column":2}},"2":{"start":{"line":33,"column":4},"end":{"line":36,"column":7}},"3":{"start":{"line":40,"column":4},"end":{"line":45,"column":49}},"4":{"start":{"line":49,"column":4},"end":{"line":51,"column":5}},"5":{"start":{"line":50,"column":6},"end":{"line":50,"column":76}},"6":{"start":{"line":53,"column":18},"end":{"line":53,"column":48}},"7":{"start":{"line":55,"column":4},"end":{"line":67,"column":7}},"8":{"start":{"line":56,"column":23},"end":{"line":56,"column":54}},"9":{"start":{"line":57,"column":23},"end":{"line":57,"column":61}},"10":{"start":{"line":58,"column":26},"end":{"line":58,"column":110}},"11":{"start":{"line":60,"column":6},"end":{"line":66,"column":55}},"12":{"start":{"line":69,"column":4},"end":{"line":71,"column":5}},"13":{"start":{"line":70,"column":6},"end":{"line":70,"column":65}},"14":{"start":{"line":73,"column":4},"end":{"line":73,"column":19}}},"fnMap":{"0":{"name":"(anonymous_0)","decl":{"start":{"line":32,"column":2},"end":{"line":32,"column":12}},"loc":{"start":{"line":32,"column":23},"end":{"line":37,"column":3}}},"1":{"name":"(anonymous_1)","decl":{"start":{"line":39,"column":2},"end":{"line":39,"column":20}},"loc":{"start":{"line":39,"column":37},"end":{"line":46,"column":3}}},"2":{"name":"(anonymous_2)","decl":{"start":{"line":48,"column":2},"end":{"line":48,"column":23}},"loc":{"start":{"line":48,"column":45},"end":{"line":74,"column":3}}},"3":{"name":"(anonymous_3)","decl":{"start":{"line":55,"column":34},"end":{"line":55,"column":35}},"loc":{"start":{"line":55,"column":54},"end":{"line":67,"column":5}}}},"branchMap":{"0":{"loc":{"start":{"line":43,"column":17},"end":{"line":43,"column":54}},"type":"binary-expr","locations":[{"start":{"line":43,"column":17},"end":{"line":43,"column":38}},{"start":{"line":43,"column":42},"end":{"line":43,"column":54}}]},"1":{"loc":{"start":{"line":44,"column":18},"end":{"line":44,"column":55}},"type":"binary-expr","locations":[{"start":{"line":44,"column":18},"end":{"line":44,"column":39}},{"start":{"line":44,"column":43},"end":{"line":44,"column":55}}]},"2":{"loc":{"start":{"line":49,"column":4},"end":{"line":51,"column":5}},"type":"if","locations":[{"start":{"line":49,"column":4},"end":{"line":51,"column":5}},{"start":{},"end":{}}]},"3":{"loc":{"start":{"line":65,"column":9},"end":{"line":65,"column":88}},"type":"cond-expr","locations":[{"start":{"line":65,"column":54},"end":{"line":65,"column":83}},{"start":{"line":65,"column":86},"end":{"line":65,"column":88}}]},"4":{"loc":{"start":{"line":69,"column":4},"end":{"line":71,"column":5}},"type":"if","locations":[{"start":{"line":69,"column":4},"end":{"line":71,"column":5}},{"start":{},"end":{}}]}},"s":{"0":0,"1":0,"2":0,"3":0,"4":0,"5":0,"6":0,"7":0,"8":0,"9":0,"10":0,"11":0,"12":0,"13":0,"14":0},"f":{"0":0,"1":0,"2":0,"3":0},"b":{"0":[0,0],"1":[0,0],"2":[0,0],"3":[0,0],"4":[0,0]}}
,"C:\\Users\\pandi\\Project\\nasa-tg-bot\\src\\features\\subscriptions\\commands.subscribe.ts": {"path":"C:\\Users\\pandi\\Project\\nasa-tg-bot\\src\\features\\subscriptions\\commands.subscribe.ts","statementMap":{"0":{"start":{"line":17,"column":0},"end":{"line":17,"column":7}},"1":{"start":{"line":46,"column":0},"end":{"line":46,"column":7}},"2":{"start":{"line":106,"column":0},"end":{"line":106,"column":7}},"3":{"start":{"line":162,"column":0},"end":{"line":162,"column":7}},"4":{"start":{"line":226,"column":0},"end":{"line":226,"column":7}},"5":{"start":{"line":245,"column":0},"end":{"line":245,"column":7}},"6":{"start":{"line":259,"column":0},"end":{"line":259,"column":7}},"7":{"start":{"line":1,"column":0},"end":{"line":1,"column":43}},"8":{"start":{"line":3,"column":0},"end":{"line":3,"column":79}},"9":{"start":{"line":4,"column":0},"end":{"line":4,"column":72}},"10":{"start":{"line":6,"column":28},"end":{"line":6,"column":53}},"11":{"start":{"line":18,"column":2},"end":{"line":20,"column":3}},"12":{"start":{"line":19,"column":4},"end":{"line":19,"column":11}},"13":{"start":{"line":23,"column":2},"end":{"line":25,"column":3}},"14":{"start":{"line":24,"column":4},"end":{"line":24,"column":21}},"15":{"start":{"line":26,"column":2},"end":{"line":28,"column":24}},"16":{"start":{"line":30,"column":18},"end":{"line":31,"column":28}},"17":{"start":{"line":33,"column":19},"end":{"line":38,"column":4}},"18":{"start":{"line":40,"column":2},"end":{"line":40,"column":64}},"19":{"start":{"line":47,"column":2},"end":{"line":49,"column":3}},"20":{"start":{"line":48,"column":4},"end":{"line":48,"column":11}},"21":{"start":{"line":51,"column":2},"end":{"line":53,"column":12}},"22":{"start":{"line":52,"column":4},"end":{"line":52,"column":30}},"23":{"start":{"line":55,"column":15},"end":{"line":55,"column":40}},"24":{"start":{"line":56,"column":2},"end":{"line":59,"column":3}},"25":{"start":{"line":57,"column":4},"end":{"line":57,"column":61}},"26":{"start":{"line":58,"column":4},"end":{"line":58,"column":11}},"27":{"start":{"line":60,"column":15},"end":{"line":60,"column":70}},"28":{"start":{"line":62,"column":2},"end":{"line":64,"column":3}},"29":{"start":{"line":63,"column":4},"end":{"line":63,"column":21}},"30":{"start":{"line":65,"column":2},"end":{"line":67,"column":3}},"31":{"start":{"line":66,"column":4},"end":{"line":66,"column":31}},"32":{"start":{"line":69,"column":2},"end":{"line":69,"column":38}},"33":{"start":{"line":70,"column":2},"end":{"line":70,"column":36}},"34":{"start":{"line":72,"column":54},"end":{"line":76,"column":4}},"35":{"start":{"line":78,"column":18},"end":{"line":80,"column":36}},"36":{"start":{"line":83,"column":29},"end":{"line":83,"column":31}},"37":{"start":{"line":84,"column":2},"end":{"line":91,"column":3}},"38":{"start":{"line":84,"column":15},"end":{"line":84,"column":16}},"39":{"start":{"line":85,"column":16},"end":{"line":85,"column":18}},"40":{"start":{"line":86,"column":4},"end":{"line":89,"column":5}},"41":{"start":{"line":86,"column":17},"end":{"line":86,"column":18}},"42":{"start":{"line":87,"column":19},"end":{"line":87,"column":24}},"43":{"start":{"line":88,"column":6},"end":{"line":88,"column":76}},"44":{"start":{"line":90,"column":4},"end":{"line":90,"column":26}},"45":{"start":{"line":92,"column":2},"end":{"line":92,"column":77}},"46":{"start":{"line":94,"column":19},"end":{"line":94,"column":53}},"47":{"start":{"line":96,"column":2},"end":{"line":100,"column":3}},"48":{"start":{"line":97,"column":4},"end":{"line":97,"column":76}},"49":{"start":{"line":99,"column":4},"end":{"line":99,"column":66}},"50":{"start":{"line":107,"column":2},"end":{"line":109,"column":3}},"51":{"start":{"line":108,"column":4},"end":{"line":108,"column":11}},"52":{"start":{"line":111,"column":2},"end":{"line":113,"column":12}},"53":{"start":{"line":112,"column":4},"end":{"line":112,"column":30}},"54":{"start":{"line":115,"column":15},"end":{"line":115,"column":40}},"55":{"start":{"line":116,"column":2},"end":{"line":119,"column":3}},"56":{"start":{"line":117,"column":4},"end":{"line":117,"column":61}},"57":{"start":{"line":118,"column":4},"end":{"line":118,"column":11}},"58":{"start":{"line":120,"column":18},"end":{"line":120,"column":67}},"59":{"start":{"line":122,"column":2},"end":{"line":125,"column":3}},"60":{"start":{"line":123,"column":4},"end":{"line":123,"column":66}},"61":{"start":{"line":124,"column":4},"end":{"line":124,"column":11}},"62":{"start":{"line":127,"column":2},"end":{"line":130,"column":3}},"63":{"start":{"line":128,"column":4},"end":{"line":128,"column":69}},"64":{"start":{"line":129,"column":4},"end":{"line":129,"column":11}},"65":{"start":{"line":132,"column":2},"end":{"line":132,"column":41}},"66":{"start":{"line":133,"column":2},"end":{"line":133,"column":42}},"67":{"start":{"line":135,"column":15},"end":{"line":135,"column":41}},"68":{"start":{"line":136,"column":54},"end":{"line":140,"column":4}},"69":{"start":{"line":142,"column":18},"end":{"line":145,"column":36}},"70":{"start":{"line":147,"column":19},"end":{"line":150,"column":4}},"71":{"start":{"line":152,"column":2},"end":{"line":156,"column":3}},"72":{"start":{"line":153,"column":4},"end":{"line":153,"column":76}},"73":{"start":{"line":155,"column":4},"end":{"line":155,"column":66}},"74":{"start":{"line":163,"column":2},"end":{"line":165,"column":3}},"75":{"start":{"line":164,"column":4},"end":{"line":164,"column":11}},"76":{"start":{"line":167,"column":2},"end":{"line":169,"column":12}},"77":{"start":{"line":168,"column":4},"end":{"line":168,"column":30}},"78":{"start":{"line":171,"column":2},"end":{"line":174,"column":3}},"79":{"start":{"line":172,"column":4},"end":{"line":172,"column":69}},"80":{"start":{"line":173,"column":4},"end":{"line":173,"column":11}},"81":{"start":{"line":176,"column":28},"end":{"line":176,"column":49}},"82":{"start":{"line":178,"column":2},"end":{"line":181,"column":3}},"83":{"start":{"line":179,"column":4},"end":{"line":179,"column":74}},"84":{"start":{"line":180,"column":4},"end":{"line":180,"column":11}},"85":{"start":{"line":183,"column":2},"end":{"line":220,"column":3}},"86":{"start":{"line":184,"column":23},"end":{"line":184,"column":45}},"87":{"start":{"line":185,"column":19},"end":{"line":185,"column":41}},"88":{"start":{"line":187,"column":4},"end":{"line":192,"column":7}},"89":{"start":{"line":194,"column":56},"end":{"line":198,"column":6}},"90":{"start":{"line":200,"column":20},"end":{"line":203,"column":68}},"91":{"start":{"line":205,"column":21},"end":{"line":207,"column":6}},"92":{"start":{"line":209,"column":4},"end":{"line":213,"column":5}},"93":{"start":{"line":210,"column":6},"end":{"line":210,"column":78}},"94":{"start":{"line":212,"column":6},"end":{"line":212,"column":68}},"95":{"start":{"line":216,"column":4},"end":{"line":216,"column":33}},"96":{"start":{"line":218,"column":4},"end":{"line":218,"column":45}},"97":{"start":{"line":219,"column":4},"end":{"line":219,"column":83}},"98":{"start":{"line":227,"column":2},"end":{"line":229,"column":12}},"99":{"start":{"line":228,"column":4},"end":{"line":228,"column":30}},"100":{"start":{"line":231,"column":2},"end":{"line":233,"column":3}},"101":{"start":{"line":232,"column":4},"end":{"line":232,"column":33}},"102":{"start":{"line":235,"column":2},"end":{"line":239,"column":3}},"103":{"start":{"line":236,"column":4},"end":{"line":236,"column":30}},"104":{"start":{"line":238,"column":4},"end":{"line":238,"column":44}},"105":{"start":{"line":246,"column":2},"end":{"line":248,"column":12}},"106":{"start":{"line":247,"column":4},"end":{"line":247,"column":30}},"107":{"start":{"line":250,"column":2},"end":{"line":252,"column":12}},"108":{"start":{"line":251,"column":4},"end":{"line":251,"column":30}},"109":{"start":{"line":261,"column":2},"end":{"line":263,"column":3}},"110":{"start":{"line":262,"column":4},"end":{"line":262,"column":11}},"111":{"start":{"line":266,"column":2},"end":{"line":268,"column":3}},"112":{"start":{"line":267,"column":4},"end":{"line":267,"column":11}},"113":{"start":{"line":271,"column":15},"end":{"line":271,"column":38}},"114":{"start":{"line":272,"column":2},"end":{"line":274,"column":3}},"115":{"start":{"line":273,"column":4},"end":{"line":273,"column":11}},"116":{"start":{"line":276,"column":18},"end":{"line":276,"column":36}},"117":{"start":{"line":278,"column":2},"end":{"line":281,"column":3}},"118":{"start":{"line":279,"column":4},"end":{"line":279,"column":67}},"119":{"start":{"line":280,"column":4},"end":{"line":280,"column":11}},"120":{"start":{"line":284,"column":2},"end":{"line":287,"column":3}},"121":{"start":{"line":285,"column":4},"end":{"line":285,"column":44}},"122":{"start":{"line":286,"column":4},"end":{"line":286,"column":43}},"123":{"start":{"line":289,"column":15},"end":{"line":289,"column":42}},"124":{"start":{"line":290,"column":2},"end":{"line":293,"column":3}},"125":{"start":{"line":291,"column":4},"end":{"line":291,"column":69}},"126":{"start":{"line":292,"column":4},"end":{"line":292,"column":11}},"127":{"start":{"line":295,"column":54},"end":{"line":299,"column":4}},"128":{"start":{"line":301,"column":18},"end":{"line":304,"column":36}},"129":{"start":{"line":306,"column":19},"end":{"line":309,"column":4}},"130":{"start":{"line":311,"column":2},"end":{"line":311,"column":64}}},"fnMap":{"0":{"name":"handleSubscribe","decl":{"start":{"line":17,"column":22},"end":{"line":17,"column":37}},"loc":{"start":{"line":17,"column":63},"end":{"line":41,"column":1}}},"1":{"name":"handleSubscribeType","decl":{"start":{"line":46,"column":22},"end":{"line":46,"column":41}},"loc":{"start":{"line":46,"column":67},"end":{"line":101,"column":1}}},"2":{"name":"handleSubscribeTime","decl":{"start":{"line":106,"column":22},"end":{"line":106,"column":41}},"loc":{"start":{"line":106,"column":67},"end":{"line":157,"column":1}}},"3":{"name":"handleSubscribeConfirm","decl":{"start":{"line":162,"column":22},"end":{"line":162,"column":44}},"loc":{"start":{"line":162,"column":70},"end":{"line":221,"column":1}}},"4":{"name":"handleSubscribeCancel","decl":{"start":{"line":226,"column":22},"end":{"line":226,"column":43}},"loc":{"start":{"line":226,"column":69},"end":{"line":240,"column":1}}},"5":{"name":"handleSubscribeClose","decl":{"start":{"line":245,"column":22},"end":{"line":245,"column":42}},"loc":{"start":{"line":245,"column":68},"end":{"line":253,"column":1}}},"6":{"name":"handleSubscribeTimeInput","decl":{"start":{"line":259,"column":22},"end":{"line":259,"column":46}},"loc":{"start":{"line":259,"column":72},"end":{"line":312,"column":1}}}},"branchMap":{"0":{"loc":{"start":{"line":18,"column":2},"end":{"line":20,"column":3}},"type":"if","locations":[{"start":{"line":18,"column":2},"end":{"line":20,"column":3}},{"start":{},"end":{}}]},"1":{"loc":{"start":{"line":18,"column":6},"end":{"line":18,"column":28}},"type":"binary-expr","locations":[{"start":{"line":18,"column":6},"end":{"line":18,"column":15}},{"start":{"line":18,"column":19},"end":{"line":18,"column":28}}]},"2":{"loc":{"start":{"line":23,"column":2},"end":{"line":25,"column":3}},"type":"if","locations":[{"start":{"line":23,"column":2},"end":{"line":25,"column":3}},{"start":{},"end":{}}]},"3":{"loc":{"start":{"line":47,"column":2},"end":{"line":49,"column":3}},"type":"if","locations":[{"start":{"line":47,"column":2},"end":{"line":49,"column":3}},{"start":{},"end":{}}]},"4":{"loc":{"start":{"line":47,"column":6},"end":{"line":47,"column":28}},"type":"binary-expr","locations":[{"start":{"line":47,"column":6},"end":{"line":47,"column":15}},{"start":{"line":47,"column":19},"end":{"line":47,"column":28}}]},"5":{"loc":{"start":{"line":56,"column":2},"end":{"line":59,"column":3}},"type":"if","locations":[{"start":{"line":56,"column":2},"end":{"line":59,"column":3}},{"start":{},"end":{}}]},"6":{"loc":{"start":{"line":62,"column":2},"end":{"line":64,"column":3}},"type":"if","locations":[{"start":{"line":62,"column":2},"end":{"line":64,"column":3}},{"start":{},"end":{}}]},"7":{"loc":{"start":{"line":65,"column":2},"end":{"line":67,"column":3}},"type":"if","locations":[{"start":{"line":65,"column":2},"end":{"line":67,"column":3}},{"start":{},"end":{}}]},"8":{"loc":{"start":{"line":86,"column":20},"end":{"line":86,"column":39}},"type":"binary-expr","locations":[{"start":{"line":86,"column":20},"end":{"line":86,"column":25}},{"start":{"line":86,"column":29},"end":{"line":86,"column":39}}]},"9":{"loc":{"start":{"line":107,"column":2},"end":{"line":109,"column":3}},"type":"if","locations":[{"start":{"line":107,"column":2},"end":{"line":109,"column":3}},{"start":{},"end":{}}]},"10":{"loc":{"start":{"line":107,"column":6},"end":{"line":107,"column":28}},"type":"binary-expr","locations":[{"start":{"line":107,"column":6},"end":{"line":107,"column":15}},{"start":{"line":107,"column":19},"end":{"line":107,"column":28}}]},"11":{"loc":{"start":{"line":116,"column":2},"end":{"line":119,"column":3}},"type":"if","locations":[{"start":{"line":116,"column":2},"end":{"line":119,"column":3}},{"start":{},"end":{}}]},"12":{"loc":{"start":{"line":122,"column":2},"end":{"line":125,"column":3}},"type":"if","locations":[{"start":{"line":122,"column":2},"end":{"line":125,"column":3}},{"start":{},"end":{}}]},"13":{"loc":{"start":{"line":122,"column":6},"end":{"line":122,"column":51}},"type":"binary-expr","locations":[{"start":{"line":122,"column":6},"end":{"line":122,"column":20}},{"start":{"line":122,"column":24},"end":{"line":122,"column":35}},{"start":{"line":122,"column":39},"end":{"line":122,"column":51}}]},"14":{"loc":{"start":{"line":127,"column":2},"end":{"line":130,"column":3}},"type":"if","locations":[{"start":{"line":127,"column":2},"end":{"line":130,"column":3}},{"start":{},"end":{}}]},"15":{"loc":{"start":{"line":127,"column":6},"end":{"line":127,"column":75}},"type":"binary-expr","locations":[{"start":{"line":127,"column":6},"end":{"line":127,"column":18}},{"start":{"line":127,"column":22},"end":{"line":127,"column":44}},{"start":{"line":127,"column":48},"end":{"line":127,"column":75}}]},"16":{"loc":{"start":{"line":163,"column":2},"end":{"line":165,"column":3}},"type":"if","locations":[{"start":{"line":163,"column":2},"end":{"line":165,"column":3}},{"start":{},"end":{}}]},"17":{"loc":{"start":{"line":163,"column":6},"end":{"line":163,"column":28}},"type":"binary-expr","locations":[{"start":{"line":163,"column":6},"end":{"line":163,"column":15}},{"start":{"line":163,"column":19},"end":{"line":163,"column":28}}]},"18":{"loc":{"start":{"line":171,"column":2},"end":{"line":174,"column":3}},"type":"if","locations":[{"start":{"line":171,"column":2},"end":{"line":174,"column":3}},{"start":{},"end":{}}]},"19":{"loc":{"start":{"line":171,"column":6},"end":{"line":171,"column":44}},"type":"binary-expr","locations":[{"start":{"line":171,"column":6},"end":{"line":171,"column":18}},{"start":{"line":171,"column":22},"end":{"line":171,"column":44}}]},"20":{"loc":{"start":{"line":178,"column":2},"end":{"line":181,"column":3}},"type":"if","locations":[{"start":{"line":178,"column":2},"end":{"line":181,"column":3}},{"start":{},"end":{}}]},"21":{"loc":{"start":{"line":178,"column":6},"end":{"line":178,"column":36}},"type":"binary-expr","locations":[{"start":{"line":178,"column":6},"end":{"line":178,"column":11}},{"start":{"line":178,"column":15},"end":{"line":178,"column":36}}]},"22":{"loc":{"start":{"line":231,"column":2},"end":{"line":233,"column":3}},"type":"if","locations":[{"start":{"line":231,"column":2},"end":{"line":233,"column":3}},{"start":{},"end":{}}]},"23":{"loc":{"start":{"line":231,"column":6},"end":{"line":231,"column":42}},"type":"binary-expr","locations":[{"start":{"line":231,"column":6},"end":{"line":231,"column":17}},{"start":{"line":231,"column":21},"end":{"line":231,"column":42}}]},"24":{"loc":{"start":{"line":261,"column":2},"end":{"line":263,"column":3}},"type":"if","locations":[{"start":{"line":261,"column":2},"end":{"line":263,"column":3}},{"start":{},"end":{}}]},"25":{"loc":{"start":{"line":261,"column":6},"end":{"line":261,"column":72}},"type":"binary-expr","locations":[{"start":{"line":261,"column":6},"end":{"line":261,"column":15}},{"start":{"line":261,"column":19},"end":{"line":261,"column":28}},{"start":{"line":261,"column":32},"end":{"line":261,"column":44}},{"start":{"line":261,"column":48},"end":{"line":261,"column":72}}]},"26":{"loc":{"start":{"line":266,"column":2},"end":{"line":268,"column":3}},"type":"if","locations":[{"start":{"line":266,"column":2},"end":{"line":268,"column":3}},{"start":{},"end":{}}]},"27":{"loc":{"start":{"line":266,"column":6},"end":{"line":266,"column":85}},"type":"binary-expr","locations":[{"start":{"line":266,"column":6},"end":{"line":266,"column":18}},{"start":{"line":266,"column":22},"end":{"line":266,"column":44}},{"start":{"line":266,"column":48},"end":{"line":266,"column":85}}]},"28":{"loc":{"start":{"line":272,"column":2},"end":{"line":274,"column":3}},"type":"if","locations":[{"start":{"line":272,"column":2},"end":{"line":274,"column":3}},{"start":{},"end":{}}]},"29":{"loc":{"start":{"line":278,"column":2},"end":{"line":281,"column":3}},"type":"if","locations":[{"start":{"line":278,"column":2},"end":{"line":281,"column":3}},{"start":{},"end":{}}]},"30":{"loc":{"start":{"line":278,"column":6},"end":{"line":278,"column":51}},"type":"binary-expr","locations":[{"start":{"line":278,"column":6},"end":{"line":278,"column":20}},{"start":{"line":278,"column":24},"end":{"line":278,"column":35}},{"start":{"line":278,"column":39},"end":{"line":278,"column":51}}]},"31":{"loc":{"start":{"line":284,"column":2},"end":{"line":287,"column":3}},"type":"if","locations":[{"start":{"line":284,"column":2},"end":{"line":287,"column":3}},{"start":{},"end":{}}]},"32":{"loc":{"start":{"line":290,"column":2},"end":{"line":293,"column":3}},"type":"if","locations":[{"start":{"line":290,"column":2},"end":{"line":293,"column":3}},{"start":{},"end":{}}]}},"s":{"0":0,"1":0,"2":0,"3":0,"4":0,"5":0,"6":0,"7":0,"8":0,"9":0,"10":0,"11":0,"12":0,"13":0,"14":0,"15":0,"16":0,"17":0,"18":0,"19":0,"20":0,"21":0,"22":0,"23":0,"24":0,"25":0,"26":0,"27":0,"28":0,"29":0,"30":0,"31":0,"32":0,"33":0,"34":0,"35":0,"36":0,"37":0,"38":0,"39":0,"40":0,"41":0,"42":0,"43":0,"44":0,"45":0,"46":0,"47":0,"48":0,"49":0,"50":0,"51":0,"52":0,"53":0,"54":0,"55":0,"56":0,"57":0,"58":0,"59":0,"60":0,"61":0,"62":0,"63":0,"64":0,"65":0,"66":0,"67":0,"68":0,"69":0,"70":0,"71":0,"72":0,"73":0,"74":0,"75":0,"76":0,"77":0,"78":0,"79":0,"80":0,"81":0,"82":0,"83":0,"84":0,"85":0,"86":0,"87":0,"88":0,"89":0,"90":0,"91":0,"92":0,"93":0,"94":0,"95":0,"96":0,"97":0,"98":0,"99":0,"100":0,"101":0,"102":0,"103":0,"104":0,"105":0,"106":0,"107":0,"108":0,"109":0,"110":0,"111":0,"112":0,"113":0,"114":0,"115":0,"116":0,"117":0,"118":0,"119":0,"120":0,"121":0,"122":0,"123":0,"124":0,"125":0,"126":0,"127":0,"128":0,"129":0,"130":0},"f":{"0":0,"1":0,"2":0,"3":0,"4":0,"5":0,"6":0},"b":{"0":[0,0],"1":[0,0],"2":[0,0],"3":[0,0],"4":[0,0],"5":[0,0],"6":[0,0],"7":[0,0],"8":[0,0],"9":[0,0],"10":[0,0],"11":[0,0],"12":[0,0],"13":[0,0,0],"14":[0,0],"15":[0,0,0],"16":[0,0],"17":[0,0],"18":[0,0],"19":[0,0],"20":[0,0],"21":[0,0],"22":[0,0],"23":[0,0],"24":[0,0],"25":[0,0,0,0],"26":[0,0],"27":[0,0,0],"28":[0,0],"29":[0,0],"30":[0,0,0],"31":[0,0],"32":[0,0]}}
,"C:\\Users\\pandi\\Project\\nasa-tg-bot\\src\\features\\subscriptions\\commands.unsubscribe.ts": {"path":"C:\\Users\\pandi\\Project\\nasa-tg-bot\\src\\features\\subscriptions\\commands.unsubscribe.ts","statementMap":{"0":{"start":{"line":12,"column":0},"end":{"line":12,"column":7}},"1":{"start":{"line":78,"column":0},"end":{"line":78,"column":7}},"2":{"start":{"line":144,"column":0},"end":{"line":144,"column":7}},"3":{"start":{"line":1,"column":0},"end":{"line":1,"column":43}},"4":{"start":{"line":3,"column":0},"end":{"line":3,"column":61}},"5":{"start":{"line":4,"column":0},"end":{"line":4,"column":72}},"6":{"start":{"line":6,"column":28},"end":{"line":6,"column":53}},"7":{"start":{"line":13,"column":2},"end":{"line":15,"column":3}},"8":{"start":{"line":14,"column":4},"end":{"line":14,"column":11}},"9":{"start":{"line":17,"column":17},"end":{"line":17,"column":39}},"10":{"start":{"line":19,"column":2},"end":{"line":72,"column":3}},"11":{"start":{"line":21,"column":26},"end":{"line":21,"column":69}},"12":{"start":{"line":23,"column":4},"end":{"line":26,"column":5}},"13":{"start":{"line":24,"column":6},"end":{"line":24,"column":56}},"14":{"start":{"line":25,"column":6},"end":{"line":25,"column":13}},"15":{"start":{"line":29,"column":32},"end":{"line":29,"column":74}},"16":{"start":{"line":29,"column":62},"end":{"line":29,"column":73}},"17":{"start":{"line":31,"column":4},"end":{"line":34,"column":5}},"18":{"start":{"line":32,"column":6},"end":{"line":32,"column":84}},"19":{"start":{"line":33,"column":6},"end":{"line":33,"column":13}},"20":{"start":{"line":36,"column":46},"end":{"line":40,"column":6}},"21":{"start":{"line":43,"column":18},"end":{"line":43,"column":57}},"22":{"start":{"line":46,"column":27},"end":{"line":46,"column":29}},"23":{"start":{"line":48,"column":4},"end":{"line":62,"column":5}},"24":{"start":{"line":49,"column":23},"end":{"line":49,"column":54}},"25":{"start":{"line":50,"column":25},"end":{"line":52,"column":12}},"26":{"start":{"line":53,"column":22},"end":{"line":53,"column":72}},"27":{"start":{"line":54,"column":6},"end":{"line":54,"column":34}},"28":{"start":{"line":56,"column":6},"end":{"line":61,"column":9}},"29":{"start":{"line":64,"column":4},"end":{"line":64,"column":77}},"30":{"start":{"line":66,"column":21},"end":{"line":66,"column":51}},"31":{"start":{"line":68,"column":4},"end":{"line":68,"column":66}},"32":{"start":{"line":70,"column":4},"end":{"line":70,"column":47}},"33":{"start":{"line":71,"column":4},"end":{"line":71,"column":91}},"34":{"start":{"line":79,"column":2},"end":{"line":81,"column":3}},"35":{"start":{"line":80,"column":4},"end":{"line":80,"column":11}},"36":{"start":{"line":83,"column":2},"end":{"line":85,"column":12}},"37":{"start":{"line":84,"column":4},"end":{"line":84,"column":30}},"38":{"start":{"line":87,"column":15},"end":{"line":87,"column":40}},"39":{"start":{"line":88,"column":2},"end":{"line":91,"column":3}},"40":{"start":{"line":89,"column":4},"end":{"line":89,"column":61}},"41":{"start":{"line":90,"column":4},"end":{"line":90,"column":11}},"42":{"start":{"line":93,"column":25},"end":{"line":93,"column":71}},"43":{"start":{"line":95,"column":2},"end":{"line":98,"column":3}},"44":{"start":{"line":96,"column":4},"end":{"line":96,"column":55}},"45":{"start":{"line":97,"column":4},"end":{"line":97,"column":11}},"46":{"start":{"line":100,"column":17},"end":{"line":100,"column":39}},"47":{"start":{"line":102,"column":2},"end":{"line":138,"column":3}},"48":{"start":{"line":104,"column":4},"end":{"line":104,"column":62}},"49":{"start":{"line":107,"column":25},"end":{"line":107,"column":74}},"50":{"start":{"line":109,"column":4},"end":{"line":112,"column":5}},"51":{"start":{"line":110,"column":6},"end":{"line":110,"column":48}},"52":{"start":{"line":111,"column":6},"end":{"line":111,"column":13}},"53":{"start":{"line":114,"column":46},"end":{"line":118,"column":6}},"54":{"start":{"line":120,"column":21},"end":{"line":120,"column":70}},"55":{"start":{"line":123,"column":20},"end":{"line":126,"column":66}},"56":{"start":{"line":128,"column":4},"end":{"line":132,"column":5}},"57":{"start":{"line":129,"column":6},"end":{"line":129,"column":65}},"58":{"start":{"line":131,"column":6},"end":{"line":131,"column":55}},"59":{"start":{"line":134,"column":4},"end":{"line":134,"column":52}},"60":{"start":{"line":136,"column":6},"end":{"line":136,"column":60}},"61":{"start":{"line":137,"column":4},"end":{"line":137,"column":73}},"62":{"start":{"line":145,"column":2},"end":{"line":147,"column":12}},"63":{"start":{"line":146,"column":4},"end":{"line":146,"column":30}},"64":{"start":{"line":149,"column":2},"end":{"line":153,"column":3}},"65":{"start":{"line":150,"column":4},"end":{"line":150,"column":30}},"66":{"start":{"line":152,"column":4},"end":{"line":152,"column":37}}},"fnMap":{"0":{"name":"handleUnsubscribe","decl":{"start":{"line":12,"column":22},"end":{"line":12,"column":39}},"loc":{"start":{"line":12,"column":65},"end":{"line":73,"column":1}}},"1":{"name":"(anonymous_1)","decl":{"start":{"line":29,"column":53},"end":{"line":29,"column":54}},"loc":{"start":{"line":29,"column":62},"end":{"line":29,"column":73}}},"2":{"name":"handleUnsubscribeItem","decl":{"start":{"line":78,"column":22},"end":{"line":78,"column":43}},"loc":{"start":{"line":78,"column":69},"end":{"line":139,"column":1}}},"3":{"name":"handleUnsubscribeClose","decl":{"start":{"line":144,"column":22},"end":{"line":144,"column":44}},"loc":{"start":{"line":144,"column":70},"end":{"line":154,"column":1}}}},"branchMap":{"0":{"loc":{"start":{"line":13,"column":2},"end":{"line":15,"column":3}},"type":"if","locations":[{"start":{"line":13,"column":2},"end":{"line":15,"column":3}},{"start":{},"end":{}}]},"1":{"loc":{"start":{"line":13,"column":6},"end":{"line":13,"column":28}},"type":"binary-expr","locations":[{"start":{"line":13,"column":6},"end":{"line":13,"column":15}},{"start":{"line":13,"column":19},"end":{"line":13,"column":28}}]},"2":{"loc":{"start":{"line":23,"column":4},"end":{"line":26,"column":5}},"type":"if","locations":[{"start":{"line":23,"column":4},"end":{"line":26,"column":5}},{"start":{},"end":{}}]},"3":{"loc":{"start":{"line":31,"column":4},"end":{"line":34,"column":5}},"type":"if","locations":[{"start":{"line":31,"column":4},"end":{"line":34,"column":5}},{"start":{},"end":{}}]},"4":{"loc":{"start":{"line":49,"column":23},"end":{"line":49,"column":54}},"type":"binary-expr","locations":[{"start":{"line":49,"column":23},"end":{"line":49,"column":42}},{"start":{"line":49,"column":46},"end":{"line":49,"column":54}}]},"5":{"loc":{"start":{"line":50,"column":25},"end":{"line":52,"column":12}},"type":"cond-expr","locations":[{"start":{"line":51,"column":10},"end":{"line":51,"column":64}},{"start":{"line":52,"column":10},"end":{"line":52,"column":12}}]},"6":{"loc":{"start":{"line":79,"column":2},"end":{"line":81,"column":3}},"type":"if","locations":[{"start":{"line":79,"column":2},"end":{"line":81,"column":3}},{"start":{},"end":{}}]},"7":{"loc":{"start":{"line":79,"column":6},"end":{"line":79,"column":28}},"type":"binary-expr","locations":[{"start":{"line":79,"column":6},"end":{"line":79,"column":15}},{"start":{"line":79,"column":19},"end":{"line":79,"column":28}}]},"8":{"loc":{"start":{"line":88,"column":2},"end":{"line":91,"column":3}},"type":"if","locations":[{"start":{"line":88,"column":2},"end":{"line":91,"column":3}},{"start":{},"end":{}}]},"9":{"loc":{"start":{"line":95,"column":2},"end":{"line":98,"column":3}},"type":"if","locations":[{"start":{"line":95,"column":2},"end":{"line":98,"column":3}},{"start":{},"end":{}}]},"10":{"loc":{"start":{"line":109,"column":4},"end":{"line":112,"c
[...]
,"C:\\Users\\pandi\\Project\\nasa-tg-bot\\src\\shared\\lib\\rateLimiter.ts": {"path":"C:\\Users\\pandi\\Project\\nasa-tg-bot\\src\\shared\\lib\\rateLimiter.ts","statementMap":{"0":{"start":{"line":41,"column":0},"end":{"line":41,"column":16}},"1":{"start":{"line":12,"column":21},"end":{"line":12,"column":52}},"2":{"start":{"line":17,"column":29},"end":{"line":17,"column":38}},"3":{"start":{"line":20,"column":32},"end":{"line":20,"column":34}},"4":{"start":{"line":21,"column":33},"end":{"line":21,"column":35}},"5":{"start":{"line":27,"column":2},"end":{"line":29,"column":3}},"6":{"start":{"line":28,"column":4},"end":{"line":28,"column":21}},"7":{"start":{"line":30,"column":2},"end":{"line":32,"column":3}},"8":{"start":{"line":31,"column":4},"end":{"line":31,"column":22}},"9":{"start":{"line":33,"column":2},"end":{"line":33,"column":17}},"10":{"start":{"line":42,"column":2},"end":{"line":122,"column":4}},"11":{"start":{"line":43,"column":19},"end":{"line":43,"column":31}},"12":{"start":{"line":46,"column":4},"end":{"line":48,"column":5}},"13":{"start":{"line":47,"column":6},"end":{"line":47,"column":20}},"14":{"start":{"line":50,"column":24},"end":{"line":50,"column":43}},"15":{"start":{"line":53,"column":4},"end":{"line":55,"column":5}},"16":{"start":{"line":54,"column":6},"end":{"line":54,"column":20}},"17":{"start":{"line":57,"column":16},"end":{"line":57,"column":26}},"18":{"start":{"line":58,"column":27},"end":{"line":58,"column":51}},"19":{"start":{"line":60,"column":4},"end":{"line":63,"column":5}},"20":{"start":{"line":61,"column":6},"end":{"line":61,"column":57}},"21":{"start":{"line":62,"column":6},"end":{"line":62,"column":49}},"22":{"start":{"line":66,"column":27},"end":{"line":67,"column":null}},"23":{"start":{"line":67,"column":21},"end":{"line":67,"column":59}},"24":{"start":{"line":69,"column":28},"end":{"line":70,"column":null}},"25":{"start":{"line":70,"column":21},"end":{"line":70,"column":59}},"26":{"start":{"line":77,"column":4},"end":{"line":83,"column":5}},"27":{"start":{"line":78,"column":6},"end":{"line":78,"column":44}},"28":{"start":{"line":79,"column":6},"end":{"line":79,"column":43}},"29":{"start":{"line":81,"column":6},"end":{"line":81,"column":45}},"30":{"start":{"line":82,"column":6},"end":{"line":82,"column":44}},"31":{"start":{"line":86,"column":4},"end":{"line":102,"column":5}},"32":{"start":{"line":87,"column":24},"end":{"line":87,"column":73}},"33":{"start":{"line":88,"column":6},"end":{"line":91,"column":8}},"34":{"start":{"line":94,"column":6},"end":{"line":100,"column":7}},"35":{"start":{"line":95,"column":8},"end":{"line":99,"column":9}},"36":{"start":{"line":96,"column":10},"end":{"line":96,"column":80}},"37":{"start":{"line":101,"column":6},"end":{"line":101,"column":13}},"38":{"start":{"line":105,"column":4},"end":{"line":111,"column":5}},"39":{"start":{"line":106,"column":6},"end":{"line":106,"column":31}},"40":{"start":{"line":107,"column":6},"end":{"line":107,"column":49}},"41":{"start":{"line":109,"column":6},"end":{"line":109,"column":32}},"42":{"start":{"line":110,"column":6},"end":{"line":110,"column":51}},"43":{"start":{"line":113,"column":4},"end":{"line":113,"column":47}},"44":{"start":{"line":116,"column":4},"end":{"line":119,"column":5}},"45":{"start":{"line":118,"column":6},"end":{"line":118,"column":27}},"46":{"start":{"line":121,"column":4},"end":{"line":121,"column":18}},"47":{"start":{"line":129,"column":14},"end":{"line":129,"column":24}},"48":{"start":{"line":130,"column":2},"end":{"line":146,"column":3}},"49":{"start":{"line":131,"column":27},"end":{"line":132,"column":null}},"50":{"start":{"line":132,"column":21},"end":{"line":132,"column":59}},"51":{"start":{"line":134,"column":28},"end":{"line":135,"column":null}},"52":{"start":{"line":135,"column":21},"end":{"line":135,"column":59}},"53":{"start":{"line":138,"column":4},"end":{"line":145,"column":5}},"54":{"start":{"line":139,"column":6},"end":{"line":139,"column":34}},"55":{"start":{"line":141,"column":6},"end":{"line":144,"column":9}}},"fnMap":{"0":{"name":"getRequestType","decl":{"start":{"line":26,"column":9},"end":{"line":26,"column":23}},"loc":{"start":{"line":26,"column":39},"end":{"line":34,"column":1}}},"1":{"name":"rateLimitMiddleware","decl":{"start":{"line":41,"column":16},"end":{"line":41,"column":35}},"loc":{"start":{"line":41,"column":35},"end":{"line":123,"column":1}}},"2":{"name":"(anonymous_2)","decl":{"start":{"line":42,"column":9},"end":{"line":42,"column":14}},"loc":{"start":{"line":42,"column":62},"end":{"line":122,"column":3}}},"3":{"name":"(anonymous_3)","decl":{"start":{"line":67,"column":6},"end":{"line":67,"column":7}},"loc":{"start":{"line":67,"column":21},"end":{"line":67,"column":59}}},"4":{"name":"(anonymous_4)","decl":{"start":{"line":70,"column":6},"end":{"line":70,"column":7}},"loc":{"start":{"line":70,"column":21},"end":{"line":70,"column":59}}},"5":{"name":"cleanupOldRequests","decl":{"start":{"line":128,"column":9},"end":{"line":128,"column":27}},"loc":{"start":{"line":128,"column":27},"end":{"line":147,"column":1}}},"6":{"name":"(anonymous_6)","decl":{"start":{"line":132,"column":6},"end":{"line":132,"column":7}},"loc":{"start":{"line":132,"column":21},"end":{"line":132,"column":59}}},"7":{"name":"(anonymous_7)","decl":{"start":{"line":135,"column":6},"end":{"line":135,"column":7}},"loc":{"start":{"line":135,"column":21},"end":{"line":135,"column":59}}}},"branchMap":{"0":{"loc":{"start":{"line":27,"column":2},"end":{"line":29,"column":3}},"type":"if","locations":[{"start":{"line":27,"column":2},"end":{"line":29,"column":3}},{"start":{},"end":{}}]},"1":{"loc":{"start":{"line":27,"column":6},"end":{"line":27,"column":79}},"type":"binary-expr","locations":[{"start":{"line":27,"column":6},"end":{"line":27,"column":17}},{"start":{"line":27,"column":21},"end":{"line":27,"column":42}},{"start":{"line":27,"column":46},"end":{"line":27,"column":79}}]},"2":{"loc":{"start":{"line":30,"column":2},"end":{"line":32,"column":3}},"type":"if","locations":[{"start":{"line":30,"column":2},"end":{"line":32,"column":3}},{"start":{},"end":{}}]},"3":{"loc":{"start":{"line":46,"column":4},"end":{"line":48,"column":5}},"type":"if","locations":[{"start":{"line":46,"column":4},"end":{"line":48,"column":5}},{"start":{},"end":{}}]},"4":{"loc":{"start":{"line":53,"column":4},"end":{"line":55,"column":5}},"type":"if","locations":[{"start":{"line":53,"column":4},"end":{"line":55,"column":5}},{"start":{},"end":{}}]},"5":{"loc":{"start":{"line":60,"column":4},"end":{"line":63,"column":5}},"type":"if","locations":[{"start":{"line":60,"column":4},"end":{"line":63,"column":5}},{"start":{},"end":{}}]},"6":{"loc":{"start":{"line":77,"column":4},"end":{"line":83,"column":5}},"type":"if","locations":[{"start":{"line":77,"column":4},"end":{"line":83,"column":5}},{"start":{"line":80,"column":11},"end":{"line":83,"column":5}}]},"7":{"loc":{"start":{"line":86,"column":4},"end":{"line":102,"column":5}},"type":"if","locations":[{"start":{"line":86,"column":4},"end":{"line":102,"column":5}},{"start":{},"end":{}}]},"8":{"loc":{"start":{"line":87,"column":24},"end":{"line":87,"column":73}},"type":"cond-expr","locations":[{"start":{"line":87,"column":52},"end":{"line":87,"column":60}},{"start":{"line":87,"column":63},"end":{"line":87,"column":73}}]},"9":{"loc":{"start":{"line":94,"column":6},"end":{"line":100,"column":7}},"type":"if","locations":[{"start":{"line":94,"column":6},"end":{"line":100,"column":7}},{"start":{},"end":{}}]},"10":{"loc":{"start":{"line":105,"column":4},"end":{"line":111,"column":5}},"type":"if","locations":[{"start":{"line":105,"column":4},"end":{"line":111,"column":5}},{"start":{"line":108,"column":11},"end":{"line":111,"column":5}}]},"11":{"loc":{"start":{"line":116,"column":4},"end":{"line":119,"column":5}},"type":"if","locations":[{"start":{"line":116,"column":4},"end":{"line":119,"column":5}},{"start":{},"end":{}}]},"12":{"loc":{"start":{"line":138,"column":4},"end":{"line":145,"column":5}},"type":"if","locations":[{"start":{"line":138,"column":4},"end":{"line":145,"column":5}},{"start":{"line":140,"column":11},"end":{"line":145,"column":5}}]},"13":{"loc":{"start":{"line":138,"column":8},"end":{"line":138,"column":67}},"type":"binary-expr","locations":[{"start":{"line":138,"column":8},"end":{"line":138,"column":35}},{"start":{"line":138,"column":39},"end":{"line":138,"column":67}}]}},"s":{"0":0,"1":0,"2":0,"3":0,"4":0,"5":0,"6":0,"7":0,"8":0,"9":0,"10":0,"11":0,"12":0,"13":0,"14":0,"15":0,"16":0,"17":0,"18":0,"19":0,"20":0,"21":0,"22":0,"23":0,"24":0,"25":0,"26":0,"27":0,"28":0,"29":0,"30":0,"31":0,"32":0,"33":0,"34":0,"35":0,"36":0,"37":0,"38":0,"39":0,"40":0,"41":0,"42":0,"43":0,"44":0,"45":0,"46":0,"47":0,"48":0,"49":0,"50":0,"51":0,"52":0,"53":0,"54":0,"55":0},"f":{"0":0,"1":0,"2":0,"3":0,"4":0,"5":0,"6":0,"7":0},"b":{"0":[0,0],"1":[0,0,0],"2":[0,0],"3":[0,0],"4":[0,0],"5":[0,0],"6":[0,0],"7":[0,0],"8":[0,0],"9":[0,0],"10":[0,0],"11":[0,0],"12":[0,0],"13":[0,0]}}
,"C:\\Users\\pandi\\Project\\nasa-tg-bot\\src\\shared\\lib\\telegramHelpers.ts": {"path":"C:\\Users\\pandi\\Project\\nasa-tg-bot\\src\\shared\\lib\\telegramHelpers.ts","statementMap":{"0":{"start":{"line":6,"column":0},"end":{"line":6,"column":16}},"1":{"start":{"line":23,"column":0},"end":{"line":23,"column":16}},"2":{"start":{"line":35,"column":0},"end":{"line":35,"column":16}},"3":{"start":{"line":7,"column":2},"end":{"line":9,"column":3}},"4":{"start":{"line":8,"column":4},"end":{"line":8,"column":34}},"5":{"start":{"line":10,"column":2},"end":{"line":10,"column":14}},"6":{"start":{"line":24,"column":2},"end":{"line":29,"column":4}},"7":{"start":{"line":36,"column":2},"end":{"line":38,"column":3}},"8":{"start":{"line":37,"column":4},"end":{"line":37,"column":30}},"9":{"start":{"line":39,"column":2},"end":{"line":44,"column":3}},"10":{"start":{"line":40,"column":16},"end":{"line":40,"column":62}},"11":{"start":{"line":41,"column":4},"end":{"line":43,"column":5}},"12":{"start":{"line":42,"column":6},"end":{"line":42,"column":16}},"13":{"start":{"line":45,"column":2},"end":{"line":45,"column":14}}},"fnMap":{"0":{"name":"getCallbackQueryData","decl":{"start":{"line":6,"column":16},"end":{"line":6,"column":36}},"loc":{"start":{"line":6,"column":52},"end":{"line":11,"column":1}}},"1":{"name":"isMessageWithId","decl":{"start":{"line":23,"column":16},"end":{"line":23,"column":31}},"loc":{"start":{"line":23,"column":48},"end":{"line":30,"column":1}}},"2":{"name":"getMessageId","decl":{"start":{"line":35,"column":16},"end":{"line":35,"column":28}},"loc":{"start":{"line":35,"column":45},"end":{"line":46,"column":1}}}},"branchMap":{"0":{"loc":{"start":{"line":7,"column":2},"end":{"line":9,"column":3}},"type":"if","locations":[{"start":{"line":7,"column":2},"end":{"line":9,"column":3}},{"start":{},"end":{}}]},"1":{"loc":{"start":{"line":7,"column":6},"end":{"line":7,"column":54}},"type":"binary-expr","locations":[{"start":{"line":7,"column":6},"end":{"line":7,"column":23}},{"start":{"line":7,"column":27},"end":{"line":7,"column":54}}]},"2":{"loc":{"start":{"line":25,"column":4},"end":{"line":28,"column":71}},"type":"binary-expr","locations":[{"start":{"line":25,"column":4},"end":{"line":25,"column":31}},{"start":{"line":26,"column":4},"end":{"line":26,"column":20}},{"start":{"line":27,"column":4},"end":{"line":27,"column":27}},{"start":{"line":28,"column":4},"end":{"line":28,"column":71}}]},"3":{"loc":{"start":{"line":36,"column":2},"end":{"line":38,"column":3}},"type":"if","locations":[{"start":{"line":36,"column":2},"end":{"line":38,"column":3}},{"start":{},"end":{}}]},"4":{"loc":{"start":{"line":39,"column":2},"end":{"line":44,"column":3}},"type":"if","locations":[{"start":{"line":39,"column":2},"end":{"line":44,"column":3}},{"start":{},"end":{}}]},"5":{"loc":{"start":{"line":39,"column":6},"end":{"line":39,"column":71}},"type":"binary-expr","locations":[{"start":{"line":39,"column":6},"end":{"line":39,"column":13}},{"start":{"line":39,"column":17},"end":{"line":39,"column":44}},{"start":{"line":39,"column":48},"end":{"line":39,"column":71}}]},"6":{"loc":{"start":{"line":41,"column":4},"end":{"line":43,"column":5}},"type":"if","locations":[{"start":{"line":41,"column":4},"end":{"line":43,"column":5}},{"start":{},"end":{}}]}},"s":{"0":0,"1":0,"2":0,"3":0,"4":0,"5":0,"6":0,"7":0,"8":0,"9":0,"10":0,"11":0,"12":0,"13":0},"f":{"0":0,"1":0,"2":0},"b":{"0":[0,0],"1":[0,0],"2":[0,0,0,0],"3":[0,0],"4":[0,0],"5":[0,0,0],"6":[0,0]}}
,"C:\\Users\\pandi\\Project\\nasa-tg-bot\\src\\shared\\lib\\errorHandler\\errorHandler.ts": {"path":"C:\\Users\\pandi\\Project\\nasa-tg-bot\\src\\shared\\lib\\errorHandler\\errorHandler.ts","statementMap":{"0":{"start":{"line":17,"column":0},"end":{"line":17,"column":16}},"1":{"start":{"line":24,"column":0},"end":{"line":24,"column":16}},"2":{"start":{"line":41,"column":0},"end":{"line":41,"column":7}},"3":{"start":{"line":9,"column":4},"end":{"line":9,"column":19}},"4":{"start":{"line":8,"column":47},"end":{"line":8,"column":59}},"5":{"start":{"line":10,"column":4},"end":{"line":10,"column":31}},"6":{"start":{"line":7,"column":0},"end":{"line":7,"column":13}},"7":{"start":{"line":18,"column":2},"end":{"line":18,"column":41}},"8":{"start":{"line":25,"column":2},"end":{"line":27,"column":3}},"9":{"start":{"line":26,"column":4},"end":{"line":26,"column":33}},"10":{"start":{"line":29,"column":2},"end":{"line":32,"column":3}},"11":{"start":{"line":30,"column":4},"end":{"line":30,"column":43}},"12":{"start":{"line":31,"column":4},"end":{"line":31,"column":52}},"13":{"start":{"line":34,"column":2},"end":{"line":34,"column":41}},"14":{"start":{"line":35,"column":2},"end":{"line":35,"column":62}},"15":{"start":{"line":46,"column":2},"end":{"line":46,"column":44}},"16":{"start":{"line":48,"column":23},"end":{"line":48,"column":77}},"17":{"start":{"line":51,"column":2},"end":{"line":68,"column":3}},"18":{"start":{"line":57,"column":4},"end":{"line":57,"column":101}},"19":{"start":{"line":58,"column":9},"end":{"line":68,"column":3}},"20":{"start":{"line":59,"column":4},"end":{"line":59,"column":93}},"21":{"start":{"line":60,"column":9},"end":{"line":68,"column":3}},"22":{"start":{"line":61,"column":4},"end":{"line":61,"column":83}},"23":{"start":{"line":62,"column":9},"end":{"line":68,"column":3}},"24":{"start":{"line":65,"column":4},"end":{"line":65,"column":83}},"25":{"start":{"line":67,"column":4},"end":{"line":67,"column":61}}},"fnMap":{"0":{"name":"(anonymous_0)","decl":{"start":{"line":8,"column":2},"end":{"line":8,"column":14}},"loc":{"start":{"line":8,"column":59},"end":{"line":11,"column":3}}},"1":{"name":"createError","decl":{"start":{"line":17,"column":16},"end":{"line":17,"column":27}},"loc":{"start":{"line":17,"column":57},"end":{"line":19,"column":1}}},"2":{"name":"handleError","decl":{"start":{"line":24,"column":16},"end":{"line":24,"column":27}},"loc":{"start":{"line":24,"column":42},"end":{"line":36,"column":1}}},"3":{"name":"handleTelegramError","decl":{"start":{"line":41,"column":22},"end":{"line":41,"column":41}},"loc":{"start":{"line":44,"column":29},"end":{"line":69,"column":1}}}},"branchMap":{"0":{"loc":{"start":{"line":25,"column":2},"end":{"line":27,"column":3}},"type":"if","locations":[{"start":{"line":25,"column":2},"end":{"line":27,"column":3}},{"start":{},"end":{}}]},"1":{"loc":{"start":{"line":29,"column":2},"end":{"line":32,"column":3}},"type":"if","locations":[{"start":{"line":29,"column":2},"end":{"line":32,"column":3}},{"start":{},"end":{}}]},"2":{"loc":{"start":{"line":44,"column":2},"end":{"line":44,"column":29}},"type":"default-arg","locations":[{"start":{"line":44,"column":20},"end":{"line":44,"column":29}}]},"3":{"loc":{"start":{"line":48,"column":23},"end":{"line":48,"column":77}},"type":"cond-expr","locations":[{"start":{"line":48,"column":48},"end":{"line":48,"column":61}},{"start":{"line":48,"column":64},"end":{"line":48,"column":77}}]},"4":{"loc":{"start":{"line":51,"column":2},"end":{"line":68,"column":3}},"type":"if","locations":[{"start":{"line":51,"column":2},"end":{"line":68,"column":3}},{"start":{"line":58,"column":9},"end":{"line":68,"column":3}}]},"5":{"loc":{"start":{"line":52,"column":4},"end":{"line":55,"column":38}},"type":"binary-expr","locations":[{"start":{"line":52,"column":4},"end":{"line":52,"column":36}},{"start":{"line":53,"column":4},"end":{"line":53,"column":38}},{"start":{"line":54,"column":4},"end":{"line":54,"column":44}},{"start":{"line":55,"column":4},"end":{"line":55,"column":38}}]},"6":{"loc":{"start":{"line":58,"column":9},"end":{"line":68,"column":3}},"type":"if","locations":[{"start":{"line":58,"column":9},"end":{"line":68,"column":3}},{"start":{"line":60,"column":9},"end":{"line":68,"column":3}}]},"7":{"loc":{"start":{"line":60,"column":9},"end":{"line":68,"column":3}},"type":"if","locations":[{"start":{"line":60,"column":9},"end":{"line":68,"column":3}},{"start":{"line":62,"column":9},"end":{"line":68,"column":3}}]},"8":{"loc":{"start":{"line":62,"column":9},"end":{"line":68,"column":3}},"type":"if","locations":[{"start":{"line":62,"column":9},"end":{"line":68,"column":3}},{"start":{"line":66,"column":9},"end":{"line":68,"column":3}}]},"9":{"loc":{"start":{"line":62,"column":13},"end":{"line":64,"column":57}},"type":"binary-expr","locations":[{"start":{"line":62,"column":13},"end":{"line":62,"column":57}},{"start":{"line":63,"column":13},"end":{"line":63,"column":57}},{"start":{"line":64,"column":13},"end":{"line":64,"column":57}}]}},"s":{"0":0,"1":0,"2":0,"3":0,"4":0,"5":0,"6":0,"7":0,"8":0,"9":0,"10":0,"11":0,"12":0,"13":0,"14":0,"15":0,"16":0,"17":0,"18":0,"19":0,"20":0,"21":0,"22":0,"23":0,"24":0,"25":0},"f":{"0":0,"1":0,"2":0,"3":0},"b":{"0":[0,0],"1":[0,0],"2":[0],"3":[0,0],"4":[0,0],"5":[0,0,0,0],"6":[0,0],"7":[0,0],"8":[0,0],"9":[0,0,0]}}
,"C:\\Users\\pandi\\Project\\nasa-tg-bot\\src\\shared\\ui\\keyboard.ts": {"path":"C:\\Users\\pandi\\Project\\nasa-tg-bot\\src\\shared\\ui\\keyboard.ts","statementMap":{"0":{"start":{"line":3,"column":0},"end":{"line":3,"column":16}},"1":{"start":{"line":4,"column":2},"end":{"line":15,"column":4}}},"fnMap":{"0":{"name":"createPhotoNavigationKeyboard","decl":{"start":{"line":3,"column":16},"end":{"line":3,"column":45}},"loc":{"start":{"line":3,"column":87},"end":{"line":16,"column":1}}}},"branchMap":{},"s":{"0":0,"1":0},"f":{"0":0},"b":{}}
}
