TN:
SF:src\app\config\development.ts
FNF:0
FNH:0
DA:3,0
LF:1
LH:0
BRDA:5,0,0,0
BRDA:5,0,1,0
BRDA:19,1,0,0
BRDA:19,1,1,0
BRF:4
BRH:0
end_of_record
TN:
SF:src\app\config\production.ts
FNF:0
FNH:0
DA:3,0
LF:1
LH:0
BRDA:5,0,0,0
BRDA:5,0,1,0
BRDA:19,1,0,0
BRDA:19,1,1,0
BRF:4
BRH:0
end_of_record
TN:
SF:src\features\apod\services\apodService.ts
FN:19,(anonymous_0)
FN:25,(anonymous_1)
FN:45,(anonymous_2)
FN:53,(anonymous_3)
FN:63,(anonymous_4)
FNF:5
FNH:0
FNDA:0,(anonymous_0)
FNDA:0,(anonymous_1)
FNDA:0,(anonymous_2)
FNDA:0,(anonymous_3)
FNDA:0,(anonymous_4)
DA:2,0
DA:18,0
DA:19,0
DA:26,0
DA:27,0
DA:30,0
DA:31,0
DA:32,0
DA:35,0
DA:36,0
DA:37,0
DA:39,0
DA:46,0
DA:47,0
DA:54,0
DA:64,0
LF:16
LH:0
BRF:0
BRH:0
end_of_record
TN:
SF:src\features\asteroids\services\asteroidsService.ts
FN:29,(anonymous_0)
FN:34,(anonymous_1)
FN:41,(anonymous_2)
FN:45,(anonymous_3)
FN:46,(anonymous_4)
FN:54,(anonymous_5)
FN:55,(anonymous_6)
FN:65,(anonymous_7)
FN:77,(anonymous_8)
FN:89,(anonymous_9)
FNF:10
FNH:0
FNDA:0,(anonymous_0)
FNDA:0,(anonymous_1)
FNDA:0,(anonymous_2)
FNDA:0,(anonymous_3)
FNDA:0,(anonymous_4)
FNDA:0,(anonymous_5)
FNDA:0,(anonymous_6)
FNDA:0,(anonymous_7)
FNDA:0,(anonymous_8)
FNDA:0,(anonymous_9)
DA:28,0
DA:29,0
DA:35,0
DA:45,0
DA:46,0
DA:48,0
DA:55,0
DA:56,0
DA:57,0
DA:58,0
DA:66,0
DA:67,0
DA:78,0
DA:79,0
DA:95,0
DA:96,0
DA:98,0
DA:99,0
DA:101,0
DA:102,0
DA:103,0
DA:105,0
DA:109,0
DA:110,0
DA:113,0
LF:25
LH:0
BRDA:34,0,0,0
BRDA:93,1,0,0
BRDA:101,2,0,0
BRDA:101,2,1,0
BRDA:101,3,0,0
BRDA:101,3,1,0
BRDA:109,4,0,0
BRDA:109,4,1,0
BRF:8
BRH:0
end_of_record
TN:
SF:src\features\donki\formatters.ts
FN:19,getRiskLevel
FN:47,formatCME
FN:89,formatFlare
FN:121,formatSEP
FN:135,(anonymous_4)
FN:141,formatGST
FN:155,(anonymous_6)
FN:156,(anonymous_7)
FN:168,formatIPS
FN:183,(anonymous_9)
FN:189,formatNotification
FN:210,formatWSAEnlil
FN:237,(anonymous_12)
FN:256,formatCMESimple
FN:303,formatFlareSimple
FN:337,formatSEPSimple
FN:356,formatGSTSimple
FN:366,(anonymous_17)
FN:401,formatIPSSimple
FN:421,formatNotificationSimple
FN:441,formatWSAEnlilSimple
FNF:21
FNH:0
FNDA:0,getRiskLevel
FNDA:0,formatCME
FNDA:0,formatFlare
FNDA:0,formatSEP
FNDA:0,(anonymous_4)
FNDA:0,formatGST
FNDA:0,(anonymous_6)
FNDA:0,(anonymous_7)
FNDA:0,formatIPS
FNDA:0,(anonymous_9)
FNDA:0,formatNotification
FNDA:0,formatWSAEnlil
FNDA:0,(anonymous_12)
FNDA:0,formatCMESimple
FNDA:0,formatFlareSimple
FNDA:0,formatSEPSimple
FNDA:0,formatGSTSimple
FNDA:0,(anonymous_17)
FNDA:0,formatIPSSimple
FNDA:0,formatNotificationSimple
FNDA:0,formatWSAEnlilSimple
DA:19,0
DA:21,0
DA:22,0
DA:23,0
DA:24,0
DA:25,0
DA:29,0
DA:30,0
DA:31,0
DA:32,0
DA:33,0
DA:37,0
DA:38,0
DA:39,0
DA:40,0
DA:41,0
DA:44,0
DA:47,0
DA:48,0
DA:49,0
DA:50,0
DA:51,0
DA:61,0
DA:62,0
DA:63,0
DA:64,0
DA:65,0
DA:67,0
DA:68,0
DA:69,0
DA:70,0
DA:71,0
DA:72,0
DA:73,0
DA:74,0
DA:78,0
DA:79,0
DA:82,0
DA:83,0
DA:86,0
DA:89,0
DA:90,0
DA:98,0
DA:103,0
DA:104,0
DA:105,0
DA:106,0
DA:107,0
DA:108,0
DA:110,0
DA:111,0
DA:114,0
DA:115,0
DA:118,0
DA:121,0
DA:122,0
DA:130,0
DA:131,0
DA:132,0
DA:134,0
DA:135,0
DA:138,0
DA:141,0
DA:142,0
DA:150,0
DA:151,0
DA:152,0
DA:154,0
DA:155,0
DA:156,0
DA:157,0
DA:158,0
DA:161,0
DA:162,0
DA:165,0
DA:168,0
DA:169,0
DA:177,0
DA:178,0
DA:179,0
DA:180,0
DA:182,0
DA:183,0
DA:186,0
DA:189,0
DA:190,0
DA:198,0
DA:199,0
DA:200,0
DA:201,0
DA:203,0
DA:204,0
DA:207,0
DA:210,0
DA:211,0
DA:219,0
DA:220,0
DA:221,0
DA:222,0
DA:224,0
DA:225,0
DA:232,0
DA:235,0
DA:236,0
DA:237,0
DA:238,0
DA:244,0
DA:248,0
DA:249,0
DA:252,0
DA:256,0
DA:257,0
DA:258,0
DA:259,0
DA:261,0
DA:272,0
DA:274,0
DA:275,0
DA:276,0
DA:277,0
DA:279,0
DA:280,0
DA:281,0
DA:283,0
DA:284,0
DA:285,0
DA:286,0
DA:287,0
DA:288,0
DA:290,0
DA:293,0
DA:296,0
DA:297,0
DA:300,0
DA:303,0
DA:304,0
DA:305,0
DA:312,0
DA:313,0
DA:314,0
DA:316,0
DA:317,0
DA:319,0
DA:320,0
DA:321,0
DA:322,0
DA:323,0
DA:324,0
DA:325,0
DA:326,0
DA:328,0
DA:331,0
DA:334,0
DA:337,0
DA:338,0
DA:345,0
DA:346,0
DA:348,0
DA:349,0
DA:350,0
DA:351,0
DA:353,0
DA:356,0
DA:357,0
DA:364,0
DA:365,0
DA:366,0
DA:369,0
DA:371,0
DA:372,0
DA:373,0
DA:375,0
DA:376,0
DA:378,0
DA:381,0
DA:383,0
DA:384,0
DA:385,0
DA:386,0
DA:387,0
DA:388,0
DA:389,0
DA:390,0
DA:391,0
DA:393,0
DA:396,0
DA:398,0
DA:401,0
DA:402,0
DA:409,0
DA:410,0
DA:411,0
DA:413,0
DA:414,0
DA:415,0
DA:416,0
DA:418,0
DA:421,0
DA:422,0
DA:429,0
DA:430,0
DA:431,0
DA:432,0
DA:434,0
DA:435,0
DA:438,0
DA:441,0
DA:442,0
DA:449,0
DA:450,0
DA:452,0
DA:453,0
DA:459,0
DA:462,0
DA:463,0
DA:464,0
DA:466,0
DA:467,0
DA:470,0
DA:471,0
DA:473,0
DA:476,0
LF:222
LH:0
BRDA:21,0,0,0
BRDA:21,0,1,0
BRDA:22,1,0,0
BRDA:22,1,1,0
BRDA:23,2,0,0
BRDA:23,2,1,0
BRDA:24,3,0,0
BRDA:24,3,1,0
BRDA:29,4,0,0
BRDA:29,4,1,0
BRDA:30,5,0,0
BRDA:30,5,1,0
BRDA:31,6,0,0
BRDA:31,6,1,0
BRDA:32,7,0,0
BRDA:32,7,1,0
BRDA:37,8,0,0
BRDA:37,8,1,0
BRDA:38,9,0,0
BRDA:38,9,1,0
BRDA:39,10,0,0
BRDA:39,10,1,0
BRDA:40,11,0,0
BRDA:40,11,1,0
BRDA:49,12,0,0
BRDA:49,12,1,0
BRDA:50,13,0,0
BRDA:50,13,1,0
BRDA:51,14,0,0
BRDA:51,14,1,0
BRDA:67,15,0,0
BRDA:67,15,1,0
BRDA:72,16,0,0
BRDA:72,16,1,0
BRDA:73,17,0,0
BRDA:73,17,1,0
BRDA:78,18,0,0
BRDA:78,18,1,0
BRDA:79,19,0,0
BRDA:79,19,1,0
BRDA:82,20,0,0
BRDA:82,20,1,0
BRDA:107,21,0,0
BRDA:107,21,1,0
BRDA:108,22,0,0
BRDA:108,22,1,0
BRDA:110,23,0,0
BRDA:110,23,1,0
BRDA:114,24,0,0
BRDA:114,24,1,0
BRDA:115,25,0,0
BRDA:115,25,1,0
BRDA:134,26,0,0
BRDA:134,26,1,0
BRDA:134,27,0,0
BRDA:134,27,1,0
BRDA:154,28,0,0
BRDA:154,28,1,0
BRDA:154,29,0,0
BRDA:154,29,1,0
BRDA:161,30,0,0
BRDA:161,30,1,0
BRDA:162,31,0,0
BRDA:162,31,1,0
BRDA:182,32,0,0
BRDA:182,32,1,0
BRDA:182,33,0,0
BRDA:182,33,1,0
BRDA:201,34,0,0
BRDA:201,34,1,0
BRDA:203,35,0,0
BRDA:203,35,1,0
BRDA:224,36,0,0
BRDA:224,36,1,0
BRDA:235,37,0,0
BRDA:235,37,1,0
BRDA:235,38,0,0
BRDA:235,38,1,0
BRDA:244,39,0,0
BRDA:244,39,1,0
BRDA:248,40,0,0
BRDA:248,40,1,0
BRDA:258,41,0,0
BRDA:258,41,1,0
BRDA:261,42,0,0
BRDA:261,42,1,0
BRDA:272,43,0,0
BRDA:272,43,1,0
BRDA:272,44,0,0
BRDA:272,44,1,0
BRDA:279,45,0,0
BRDA:279,45,1,0
BRDA:279,46,0,0
BRDA:279,46,1,0
BRDA:283,47,0,0
BRDA:283,47,1,0
BRDA:285,48,0,0
BRDA:285,48,1,0
BRDA:287,49,0,0
BRDA:287,49,1,0
BRDA:296,50,0,0
BRDA:296,50,1,0
BRDA:314,51,0,0
BRDA:314,51,1,0
BRDA:316,52,0,0
BRDA:316,52,1,0
BRDA:319,53,0,0
BRDA:319,53,1,0
BRDA:322,54,0,0
BRDA:322,54,1,0
BRDA:325,55,0,0
BRDA:325,55,1,0
BRDA:365,56,0,0
BRDA:365,56,1,0
BRDA:365,57,0,0
BRDA:365,57,1,0
BRDA:375,58,0,0
BRDA:375,58,1,0
BRDA:383,59,0,0
BRDA:383,59,1,0
BRDA:386,60,0,0
BRDA:386,60,1,0
BRDA:389,61,0,0
BRDA:389,61,1,0
BRDA:432,62,0,0
BRDA:432,62,1,0
BRDA:434,63,0,0
BRDA:434,63,1,0
BRDA:452,64,0,0
BRDA:452,64,1,0
BRDA:466,65,0,0
BRDA:466,65,1,0
BRDA:470,66,0,0
BRDA:470,66,1,0
BRDA:470,67,0,0
BRDA:470,67,1,0
BRF:136
BRH:0
end_of_record
TN:
SF:src\features\nasa\api.ts
FN:55,(anonymous_0)
FN:63,(anonymous_1)
FN:76,(anonymous_2)
FN:92,(anonymous_3)
FNF:4
FNH:0
FNDA:0,(anonymous_0)
FNDA:0,(anonymous_1)
FNDA:0,(anonymous_2)
FNDA:0,(anonymous_3)
DA:1,0
DA:2,0
DA:51,0
DA:52,0
DA:53,0
DA:56,0
DA:57,0
DA:58,0
DA:60,0
DA:64,0
DA:65,0
DA:66,0
DA:68,0
DA:69,0
DA:70,0
DA:77,0
DA:78,0
DA:79,0
DA:81,0
DA:85,0
DA:86,0
DA:89,0
DA:90,0
DA:92,0
LF:24
LH:0
BRDA:57,0,0,0
BRDA:57,0,1,0
BRDA:65,1,0,0
BRDA:65,1,1,0
BRDA:85,2,0,0
BRDA:85,2,1,0
BRF:6
BRH:0
end_of_record
TN:
SF:src\features\nasa\formatters.ts
FN:32,(anonymous_0)
FN:39,(anonymous_1)
FN:48,(anonymous_2)
FN:55,(anonymous_3)
FNF:4
FNH:0
FNDA:0,(anonymous_0)
FNDA:0,(anonymous_1)
FNDA:0,(anonymous_2)
FNDA:0,(anonymous_3)
DA:1,0
DA:31,0
DA:33,0
DA:40,0
DA:49,0
DA:50,0
DA:53,0
DA:55,0
DA:56,0
DA:57,0
DA:58,0
DA:60,0
DA:69,0
DA:70,0
DA:73,0
LF:15
LH:0
BRDA:43,0,0,0
BRDA:43,0,1,0
BRDA:44,1,0,0
BRDA:44,1,1,0
BRDA:49,2,0,0
BRDA:49,2,1,0
BRDA:65,3,0,0
BRDA:65,3,1,0
BRDA:69,4,0,0
BRDA:69,4,1,0
BRF:10
BRH:0
end_of_record
TN:
SF:src\features\subscriptions\commands.subscribe.ts
FN:17,handleSubscribe
FN:46,handleSubscribeType
FN:106,handleSubscribeTime
FN:162,handleSubscribeConfirm
FN:226,handleSubscribeCancel
FN:245,handleSubscribeClose
FN:259,handleSubscribeTimeInput
FNF:7
FNH:0
FNDA:0,handleSubscribe
FNDA:0,handleSubscribeType
FNDA:0,handleSubscribeTime
FNDA:0,handleSubscribeConfirm
FNDA:0,handleSubscribeCancel
FNDA:0,handleSubscribeClose
FNDA:0,handleSubscribeTimeInput
DA:1,0
DA:3,0
DA:4,0
DA:6,0
DA:17,0
DA:18,0
DA:19,0
DA:23,0
DA:24,0
DA:26,0
DA:30,0
DA:33,0
DA:40,0
DA:46,0
DA:47,0
DA:48,0
DA:51,0
DA:52,0
DA:55,0
DA:56,0
DA:57,0
DA:58,0
DA:60,0
DA:62,0
DA:63,0
DA:65,0
DA:66,0
DA:69,0
DA:70,0
DA:72,0
DA:78,0
DA:83,0
DA:84,0
DA:85,0
DA:86,0
DA:87,0
DA:88,0
DA:90,0
DA:92,0
DA:94,0
DA:96,0
DA:97,0
DA:99,0
DA:106,0
DA:107,0
DA:108,0
DA:111,0
DA:112,0
DA:115,0
DA:116,0
DA:117,0
DA:118,0
DA:120,0
DA:122,0
DA:123,0
DA:124,0
DA:127,0
DA:128,0
DA:129,0
DA:132,0
DA:133,0
DA:135,0
DA:136,0
DA:142,0
DA:147,0
DA:152,0
DA:153,0
DA:155,0
DA:162,0
DA:163,0
DA:164,0
DA:167,0
DA:168,0
DA:171,0
DA:172,0
DA:173,0
DA:176,0
DA:178,0
DA:179,0
DA:180,0
DA:183,0
DA:184,0
DA:185,0
DA:187,0
DA:194,0
DA:200,0
DA:205,0
DA:209,0
DA:210,0
DA:212,0
DA:216,0
DA:218,0
DA:219,0
DA:226,0
DA:227,0
DA:228,0
DA:231,0
DA:232,0
DA:235,0
DA:236,0
DA:238,0
DA:245,0
DA:246,0
DA:247,0
DA:250,0
DA:251,0
DA:259,0
DA:261,0
DA:262,0
DA:266,0
DA:267,0
DA:271,0
DA:272,0
DA:273,0
DA:276,0
DA:278,0
DA:279,0
DA:280,0
DA:284,0
DA:285,0
DA:286,0
DA:289,0
DA:290,0
DA:291,0
DA:292,0
DA:295,0
DA:301,0
DA:306,0
DA:311,0
LF:129
LH:0
BRDA:18,0,0,0
BRDA:18,0,1,0
BRDA:18,1,0,0
BRDA:18,1,1,0
BRDA:23,2,0,0
BRDA:23,2,1,0
BRDA:47,3,0,0
BRDA:47,3,1,0
BRDA:47,4,0,0
BRDA:47,4,1,0
BRDA:56,5,0,0
BRDA:56,5,1,0
BRDA:62,6,0,0
BRDA:62,6,1,0
BRDA:65,7,0,0
BRDA:65,7,1,0
BRDA:86,8,0,0
BRDA:86,8,1,0
BRDA:107,9,0,0
BRDA:107,9,1,0
BRDA:107,10,0,0
BRDA:107,10,1,0
BRDA:116,11,0,0
BRDA:116,11,1,0
BRDA:122,12,0,0
BRDA:122,12,1,0
BRDA:122,13,0,0
BRDA:122,13,1,0
BRDA:122,13,2,0
BRDA:127,14,0,0
BRDA:127,14,1,0
BRDA:127,15,0,0
BRDA:127,15,1,0
BRDA:127,15,2,0
BRDA:163,16,0,0
BRDA:163,16,1,0
BRDA:163,17,0,0
BRDA:163,17,1,0
BRDA:171,18,0,0
BRDA:171,18,1,0
BRDA:171,19,0,0
BRDA:171,19,1,0
BRDA:178,20,0,0
BRDA:178,20,1,0
BRDA:178,21,0,0
BRDA:178,21,1,0
BRDA:231,22,0,0
BRDA:231,22,1,0
BRDA:231,23,0,0
BRDA:231,23,1,0
BRDA:261,24,0,0
BRDA:261,24,1,0
BRDA:261,25,0,0
BRDA:261,25,1,0
BRDA:261,25,2,0
BRDA:261,25,3,0
BRDA:266,26,0,0
BRDA:266,26,1,0
BRDA:266,27,0,0
BRDA:266,27,1,0
BRDA:266,27,2,0
BRDA:272,28,0,0
BRDA:272,28,1,0
BRDA:278,29,0,0
BRDA:278,29,1,0
BRDA:278,30,0,0
BRDA:278,30,1,0
BRDA:278,30,2,0
BRDA:284,31,0,0
BRDA:284,31,1,0
BRDA:290,32,0,0
BRDA:290,32,1,0
BRF:72
BRH:0
end_of_record
TN:
SF:src\features\subscriptions\commands.unsubscribe.ts
FN:12,handleUnsubscribe
FN:29,(anonymous_1)
FN:78,handleUnsubscribeItem
FN:144,handleUnsubscribeClose
FNF:4
FNH:0
FNDA:0,handleUnsubscribe
FNDA:0,(anonymous_1)
FNDA:0,handleUnsubscribeItem
FNDA:0,handleUnsubscribeClose
DA:1,0
DA:3,0
DA:4,0
DA:6,0
DA:12,0
DA:13,0
DA:14,0
DA:17,0
DA:19,0
DA:21,0
DA:23,0
DA:24,0
DA:25,0
DA:29,0
DA:31,0
DA:32,0
DA:33,0
DA:36,0
DA:43,0
DA:46,0
DA:48,0
DA:49,0
DA:50,0
DA:53,0
DA:54,0
DA:56,0
DA:64,0
DA:66,0
DA:68,0
DA:70,0
DA:71,0
DA:78,0
DA:79,0
DA:80,0
DA:83,0
DA:84,0
DA:87,0
DA:88,0
DA:89,0
DA:90,0
DA:93,0
DA:95,0
DA:96,0
DA:97,0
DA:100,0
DA:102,0
DA:104,0
DA:107,0
DA:109,0
DA:110,0
DA:111,0
DA:114,0
DA:120,0
DA:123,0
DA:128,0
DA:129,0
DA:131,0
DA:134,0
DA:136,0
DA:137,0
DA:144,0
DA:145,0
DA:146,0
DA:149,0
DA:150,0
DA:152,0
LF:66
LH:0
BRDA:13,0,0,0
BRDA:13,0,1,0
BRDA:13,1,0,0
BRDA:13,1,1,0
BRDA:23,2,0,0
BRDA:23,2,1,0
BRDA:31,3,0,0
BRDA:31,3,1,0
BRDA:49,4,0,0
BRDA:49,4,1,0
BRDA:50,5,0,0
BRDA:50,5,1,0
BRDA:79,6,0,0
BRDA:79,6,1,0
BRDA:79,7,0,0
BRDA:79,7,1,0
BRDA:88,8,0,0
BRDA:88,8,1,0
BRDA:95,9,0,0
BRDA:95,9,1,0
BRDA:109,10,0,0
BRDA:109,10,1,0
BRDA:120,11,0,0
BRDA:120,11,1,0
BRDA:136,12,0,0
BRDA:136,12,1,0
BRF:26
BRH:0
end_of_record
TN:
SF:src\features\subscriptions\subscription.service.ts
FN:17,(anonymous_0)
FN:33,(anonymous_1)
FN:43,(anonymous_2)
FN:53,(anonymous_3)
FN:71,(anonymous_4)
FN:80,(anonymous_5)
FN:90,(anonymous_6)
FNF:7
FNH:3
FNDA:3,(anonymous_0)
FNDA:3,(anonymous_1)
FNDA:4,(anonymous_2)
FNDA:0,(anonymous_3)
FNDA:0,(anonymous_4)
FNDA:0,(anonymous_5)
FNDA:0,(anonymous_6)
DA:1,1
DA:13,1
DA:18,3
DA:34,3
DA:44,4
DA:54,0
DA:58,0
DA:59,0
DA:62,0
DA:72,0
DA:81,0
DA:91,0
DA:98,0
DA:99,0
DA:102,0
LF:15
LH:5
BRDA:24,0,0,3
BRDA:24,0,1,1
BRDA:58,1,0,0
BRDA:58,1,1,0
BRDA:98,2,0,0
BRDA:98,2,1,0
BRF:6
BRH:2
end_of_record
TN:
SF:src\processes\bot\handlers\apod.ts
FN:7,handleAPOD
FN:17,(anonymous_1)
FN:18,(anonymous_2)
FNF:3
FNH:0
FNDA:0,handleAPOD
FNDA:0,(anonymous_1)
FNDA:0,(anonymous_2)
DA:3,0
DA:4,0
DA:5,0
DA:7,0
DA:9,0
DA:10,0
DA:12,0
DA:14,0
DA:17,0
DA:18,0
DA:19,0
DA:24,0
DA:29,0
DA:30,0
DA:31,0
DA:32,0
DA:33,0
DA:35,0
DA:38,0
DA:39,0
DA:40,0
DA:46,0
DA:47,0
DA:48,0
DA:50,0
DA:53,0
DA:54,0
DA:60,0
DA:61,0
DA:62,0
DA:65,0
DA:68,0
DA:69,0
DA:70,0
DA:74,0
LF:35
LH:0
BRDA:29,0,0,0
BRDA:29,0,1,0
BRDA:32,1,0,0
BRDA:32,1,1,0
BRDA:38,2,0,0
BRDA:38,2,1,0
BRDA:47,3,0,0
BRDA:47,3,1,0
BRDA:61,4,0,0
BRDA:61,4,1,0
BRDA:69,5,0,0
BRDA:69,5,1,0
BRF:12
BRH:0
end_of_record
TN:
SF:src\processes\bot\handlers\asteroids.ts
FN:5,handleAsteroids
FN:30,(anonymous_1)
FN:43,(anonymous_2)
FNF:3
FNH:0
FNDA:0,handleAsteroids
FNDA:0,(anonymous_1)
FNDA:0,(anonymous_2)
DA:3,0
DA:5,0
DA:6,0
DA:7,0
DA:9,0
DA:10,0
DA:11,0
DA:14,0
DA:15,0
DA:18,0
DA:26,0
DA:27,0
DA:30,0
DA:33,0
DA:34,0
DA:39,0
DA:40,0
DA:43,0
DA:46,0
DA:47,0
DA:51,0
DA:53,0
LF:22
LH:0
BRDA:9,0,0,0
BRDA:9,0,1,0
BRDA:9,1,0,0
BRDA:9,1,1,0
BRDA:26,2,0,0
BRDA:26,2,1,0
BRDA:39,3,0,0
BRDA:39,3,1,0
BRF:8
BRH:0
end_of_record
TN:
SF:src\processes\bot\handlers\donki.ts
FN:27,createDonkiMainMenu
FN:62,createSubscriptionsMenu
FN:92,createCMESubscriptionMenu
FN:126,createDateMenu
FN:144,createFlareClassMenu
FN:162,getDateRange
FN:169,getEventDate
FN:191,sortEventsByDateDesc
FN:192,(anonymous_8)
FN:199,createKeyboardWithModeToggle
FN:238,formatDonkiItem
FN:284,handleDonki
FN:327,handleDonkiMenu
FN:359,handleDonkiCME
FN:369,handleDonkiCMEData
FN:409,handleDonkiFlares
FN:419,handleDonkiFlaresPeriod
FN:431,handleDonkiFlaresData
FN:472,handleDonkiSEP
FN:482,handleDonkiSEPData
FN:522,handleDonkiGST
FN:532,handleDonkiGSTData
FN:572,handleDonkiIPS
FN:582,handleDonkiIPSData
FN:622,handleDonkiNotifications
FN:662,handleDonkiWSAEnlil
FN:702,handleDonkiItemNavigation
FN:768,handleDonkiClose
FN:776,handleDonkiToggleMode
FN:807,handleDonkiSetMode
FN:854,handleDonkiSubscriptions
FN:883,handleDonkiCMESubscriptionMenu
FN:916,handleDonkiCMESubscription
FN:964,handleDonkiNotificationsSubscription
FN:1005,handleDonkiWSAEnlilSubscription
FNF:35
FNH:0
FNDA:0,createDonkiMainMenu
FNDA:0,createSubscriptionsMenu
FNDA:0,createCMESubscriptionMenu
FNDA:0,createDateMenu
FNDA:0,createFlareClassMenu
FNDA:0,getDateRange
FNDA:0,getEventDate
FNDA:0,sortEventsByDateDesc
FNDA:0,(anonymous_8)
FNDA:0,createKeyboardWithModeToggle
FNDA:0,formatDonkiItem
FNDA:0,handleDonki
FNDA:0,handleDonkiMenu
FNDA:0,handleDonkiCME
FNDA:0,handleDonkiCMEData
FNDA:0,handleDonkiFlares
FNDA:0,handleDonkiFlaresPeriod
FNDA:0,handleDonkiFlaresData
FNDA:0,handleDonkiSEP
FNDA:0,handleDonkiSEPData
FNDA:0,handleDonkiGST
FNDA:0,handleDonkiGSTData
FNDA:0,handleDonkiIPS
FNDA:0,handleDonkiIPSData
FNDA:0,handleDonkiNotifications
FNDA:0,handleDonkiWSAEnlil
FNDA:0,handleDonkiItemNavigation
FNDA:0,handleDonkiClose
FNDA:0,handleDonkiToggleMode
FNDA:0,handleDonkiSetMode
FNDA:0,handleDonkiSubscriptions
FNDA:0,handleDonkiCMESubscriptionMenu
FNDA:0,handleDonkiCMESubscription
FNDA:0,handleDonkiNotificationsSubscription
FNDA:0,handleDonkiWSAEnlilSubscription
DA:4,0
DA:5,0
DA:22,0
DA:28,0
DA:29,0
DA:30,0
DA:31,0
DA:34,0
DA:59,0
DA:63,0
DA:64,0
DA:65,0
DA:67,0
DA:71,0
DA:72,0
DA:74,0
DA:93,0
DA:127,0
DA:145,0
DA:163,0
DA:164,0
DA:165,0
DA:166,0
DA:170,0
DA:172,0
DA:174,0
DA:175,0
DA:177,0
DA:179,0
DA:181,0
DA:183,0
DA:185,0
DA:187,0
DA:192,0
DA:193,0
DA:194,0
DA:195,0
DA:205,0
DA:209,0
DA:210,0
DA:213,0
DA:214,0
DA:218,0
DA:219,0
DA:222,0
DA:223,0
DA:227,0
DA:235,0
DA:243,0
DA:244,0
DA:246,0
DA:248,0
DA:250,0
DA:252,0
DA:254,0
DA:256,0
DA:258,0
DA:260,0
DA:263,0
DA:265,0
DA:267,0
DA:269,0
DA:271,0
DA:273,0
DA:275,0
DA:277,0
DA:279,0
DA:284,0
DA:285,0
DA:286,0
DA:287,0
DA:288,0
DA:289,0
DA:291,0
DA:309,0
DA:310,0
DA:317,0
DA:322,0
DA:323,0
DA:327,0
DA:328,0
DA:329,0
DA:330,0
DA:331,0
DA:332,0
DA:334,0
DA:342,0
DA:343,0
DA:350,0
DA:355,0
DA:359,0
DA:360,0
DA:361,0
DA:365,0
DA:369,0
DA:370,0
DA:371,0
DA:372,0
DA:373,0
DA:374,0
DA:376,0
DA:377,0
DA:381,0
DA:384,0
DA:385,0
DA:386,0
DA:388,0
DA:389,0
DA:392,0
DA:394,0
DA:399,0
DA:401,0
DA:402,0
DA:409,0
DA:410,0
DA:411,0
DA:415,0
DA:419,0
DA:420,0
DA:421,0
DA:422,0
DA:425,0
DA:427,0
DA:431,0
DA:432,0
DA:433,0
DA:434,0
DA:435,0
DA:436,0
DA:437,0
DA:439,0
DA:440,0
DA:444,0
DA:447,0
DA:448,0
DA:449,0
DA:451,0
DA:452,0
DA:455,0
DA:457,0
DA:462,0
DA:464,0
DA:465,0
DA:472,0
DA:473,0
DA:474,0
DA:478,0
DA:482,0
DA:483,0
DA:484,0
DA:485,0
DA:486,0
DA:487,0
DA:489,0
DA:490,0
DA:494,0
DA:497,0
DA:498,0
DA:499,0
DA:501,0
DA:502,0
DA:505,0
DA:507,0
DA:512,0
DA:514,0
DA:515,0
DA:522,0
DA:523,0
DA:524,0
DA:528,0
DA:532,0
DA:533,0
DA:534,0
DA:535,0
DA:536,0
DA:537,0
DA:539,0
DA:540,0
DA:544,0
DA:547,0
DA:548,0
DA:549,0
DA:551,0
DA:552,0
DA:555,0
DA:557,0
DA:562,0
DA:564,0
DA:565,0
DA:572,0
DA:573,0
DA:574,0
DA:578,0
DA:582,0
DA:583,0
DA:584,0
DA:585,0
DA:586,0
DA:587,0
DA:589,0
DA:590,0
DA:594,0
DA:597,0
DA:598,0
DA:599,0
DA:601,0
DA:602,0
DA:605,0
DA:607,0
DA:612,0
DA:614,0
DA:615,0
DA:622,0
DA:623,0
DA:624,0
DA:625,0
DA:626,0
DA:627,0
DA:629,0
DA:630,0
DA:634,0
DA:637,0
DA:638,0
DA:639,0
DA:641,0
DA:642,0
DA:645,0
DA:647,0
DA:652,0
DA:654,0
DA:655,0
DA:662,0
DA:663,0
DA:664,0
DA:665,0
DA:666,0
DA:667,0
DA:669,0
DA:670,0
DA:674,0
DA:677,0
DA:678,0
DA:679,0
DA:681,0
DA:682,0
DA:685,0
DA:687,0
DA:692,0
DA:694,0
DA:695,0
DA:702,0
DA:703,0
DA:704,0
DA:705,0
DA:706,0
DA:707,0
DA:708,0
DA:711,0
DA:712,0
DA:714,0
DA:715,0
DA:716,0
DA:719,0
DA:722,0
DA:723,0
DA:724,0
DA:728,0
DA:729,0
DA:730,0
DA:733,0
DA:734,0
DA:735,0
DA:737,0
DA:738,0
DA:740,0
DA:745,0
DA:748,0
DA:760,0
DA:761,0
DA:763,0
DA:764,0
DA:768,0
DA:769,0
DA:770,0
DA:772,0
DA:776,0
DA:777,0
DA:778,0
DA:779,0
DA:780,0
DA:781,0
DA:785,0
DA:788,0
DA:789,0
DA:790,0
DA:792,0
DA:793,0
DA:795,0
DA:800,0
DA:802,0
DA:803,0
DA:807,0
DA:808,0
DA:809,0
DA:810,0
DA:812,0
DA:813,0
DA:814,0
DA:816,0
DA:834,0
DA:835,0
DA:842,0
DA:847,0
DA:849,0
DA:850,0
DA:854,0
DA:855,0
DA:856,0
DA:857,0
DA:858,0
DA:861,0
DA:863,0
DA:871,0
DA:873,0
DA:878,0
DA:879,0
DA:883,0
DA:884,0
DA:885,0
DA:886,0
DA:887,0
DA:890,0
DA:891,0
DA:892,0
DA:894,0
DA:906,0
DA:911,0
DA:912,0
DA:916,0
DA:917,0
DA:918,0
DA:919,0
DA:920,0
DA:923,0
DA:926,0
DA:928,0
DA:930,0
DA:933,0
DA:934,0
DA:938,0
DA:939,0
DA:942,0
DA:954,0
DA:959,0
DA:960,0
DA:964,0
DA:965,0
DA:966,0
DA:967,0
DA:968,0
DA:971,0
DA:972,0
DA:973,0
DA:976,0
DA:977,0
DA:978,0
DA:980,0
DA:981,0
DA:985,0
DA:993,0
DA:995,0
DA:1000,0
DA:1001,0
DA:1005,0
DA:1006,0
DA:1007,0
DA:1008,0
DA:1009,0
DA:1012,0
DA:1013,0
DA:1014,0
DA:1017,0
DA:1018,0
DA:1019,0
DA:1021,0
DA:1022,0
DA:1026,0
DA:1034,0
DA:1036,0
DA:1041,0
DA:1042,0
LF:391
LH:0
BRDA:29,0,0,0
BRDA:29,0,1,0
BRDA:52,1,0,0
BRDA:52,1,1,0
BRDA:67,2,0,0
BRDA:67,2,1,0
BRDA:68,3,0,0
BRDA:68,3,1,0
BRDA:68,4,0,0
BRDA:68,4,1,0
BRDA:71,5,0,0
BRDA:71,5,1,0
BRDA:72,6,0,0
BRDA:72,6,1,0
BRDA:97,7,0,0
BRDA:97,7,1,0
BRDA:103,8,0,0
BRDA:103,8,1,0
BRDA:109,9,0,0
BRDA:109,9,1,0
BRDA:170,10,0,0
BRDA:170,10,1,0
BRDA:170,10,2,0
BRDA:170,10,3,0
BRDA:170,10,4,0
BRDA:170,10,5,0
BRDA:170,10,6,0
BRDA:170,10,7,0
BRDA:175,11,0,0
BRDA:175,11,1,0
BRDA:209,12,0,0
BRDA:209,12,1,0
BRDA:213,13,0,0
BRDA:213,13,1,0
BRDA:218,14,0,0
BRDA:218,14,1,0
BRDA:222,15,0,0
BRDA:222,15,1,0
BRDA:229,16,0,0
BRDA:229,16,1,0
BRDA:243,17,0,0
BRDA:243,17,1,0
BRDA:244,18,0,0
BRDA:244,18,1,0
BRDA:244,18,2,0
BRDA:244,18,3,0
BRDA:244,18,4,0
BRDA:244,18,5,0
BRDA:244,18,6,0
BRDA:244,18,7,0
BRDA:263,19,0,0
BRDA:263,19,1,0
BRDA:263,19,2,0
BRDA:263,19,3,0
BRDA:263,19,4,0
BRDA:263,19,5,0
BRDA:263,19,6,0
BRDA:263,19,7,0
BRDA:286,20,0,0
BRDA:286,20,1,0
BRDA:288,21,0,0
BRDA:288,21,1,0
BRDA:289,22,0,0
BRDA:289,22,1,0
BRDA:312,23,0,0
BRDA:312,23,1,0
BRDA:329,24,0,0
BRDA:329,24,1,0
BRDA:331,25,0,0
BRDA:331,25,1,0
BRDA:332,26,0,0
BRDA:332,26,1,0
BRDA:345,27,0,0
BRDA:345,27,1,0
BRDA:371,28,0,0
BRDA:371,28,1,0
BRDA:376,29,0,0
BRDA:376,29,1,0
BRDA:384,30,0,0
BRDA:384,30,1,0
BRDA:388,31,0,0
BRDA:388,31,1,0
BRDA:421,32,0,0
BRDA:421,32,1,0
BRDA:431,33,0,0
BRDA:432,34,0,0
BRDA:432,34,1,0
BRDA:433,35,0,0
BRDA:433,35,1,0
BRDA:433,35,2,0
BRDA:439,36,0,0
BRDA:439,36,1,0
BRDA:447,37,0,0
BRDA:447,37,1,0
BRDA:451,38,0,0
BRDA:451,38,1,0
BRDA:484,39,0,0
BRDA:484,39,1,0
BRDA:489,40,0,0
BRDA:489,40,1,0
BRDA:497,41,0,0
BRDA:497,41,1,0
BRDA:501,42,0,0
BRDA:501,42,1,0
BRDA:534,43,0,0
BRDA:534,43,1,0
BRDA:539,44,0,0
BRDA:539,44,1,0
BRDA:547,45,0,0
BRDA:547,45,1,0
BRDA:551,46,0,0
BRDA:551,46,1,0
BRDA:584,47,0,0
BRDA:584,47,1,0
BRDA:589,48,0,0
BRDA:589,48,1,0
BRDA:597,49,0,0
BRDA:597,49,1,0
BRDA:601,50,0,0
BRDA:601,50,1,0
BRDA:624,51,0,0
BRDA:624,51,1,0
BRDA:629,52,0,0
BRDA:629,52,1,0
BRDA:637,53,0,0
BRDA:637,53,1,0
BRDA:641,54,0,0
BRDA:641,54,1,0
BRDA:664,55,0,0
BRDA:664,55,1,0
BRDA:669,56,0,0
BRDA:669,56,1,0
BRDA:677,57,0,0
BRDA:677,57,1,0
BRDA:681,58,0,0
BRDA:681,58,1,0
BRDA:704,59,0,0
BRDA:704,59,1,0
BRDA:706,60,0,0
BRDA:706,60,1,0
BRDA:714,61,0,0
BRDA:714,61,1,0
BRDA:714,62,0,0
BRDA:714,62,1,0
BRDA:722,63,0,0
BRDA:722,63,1,0
BRDA:722,64,0,0
BRDA:722,64,1,0
BRDA:728,65,0,0
BRDA:728,65,1,0
BRDA:735,66,0,0
BRDA:735,66,1,0
BRDA:748,67,0,0
BRDA:748,67,1,0
BRDA:749,68,0,0
BRDA:749,68,1,0
BRDA:749,68,2,0
BRDA:749,68,3,0
BRDA:749,68,4,0
BRDA:749,68,5,0
BRDA:749,68,6,0
BRDA:749,68,7,0
BRDA:749,68,8,0
BRDA:749,68,9,0
BRDA:778,69,0,0
BRDA:778,69,1,0
BRDA:779,70,0,0
BRDA:779,70,1,0
BRDA:785,71,0,0
BRDA:785,71,1,0
BRDA:800,72,0,0
BRDA:800,72,1,0
BRDA:809,73,0,0
BRDA:809,73,1,0
BRDA:812,74,0,0
BRDA:812,74,1,0
BRDA:814,75,0,0
BRDA:814,75,1,0
BRDA:837,76,0,0
BRDA:837,76,1,0
BRDA:856,77,0,0
BRDA:856,77,1,0
BRDA:885,78,0,0
BRDA:885,78,1,0
BRDA:892,79,0,0
BRDA:892,79,1,0
BRDA:918,80,0,0
BRDA:918,80,1,0
BRDA:928,81,0,0
BRDA:928,81,1,0
BRDA:933,82,0,0
BRDA:933,82,1,0
BRDA:933,83,0,0
BRDA:933,83,1,0
BRDA:939,84,0,0
BRDA:939,84,1,0
BRDA:966,85,0,0
BRDA:966,85,1,0
BRDA:976,86,0,0
BRDA:976,86,1,0
BRDA:1007,87,0,0
BRDA:1007,87,1,0
BRDA:1017,88,0,0
BRDA:1017,88,1,0
BRF:204
BRH:0
end_of_record
TN:
SF:src\processes\bot\handlers\earth.ts
FN:6,handleEarth
FN:44,handleEarthRetry
FN:50,handleEarthType
FNF:3
FNH:0
FNDA:0,handleEarth
FNDA:0,handleEarthRetry
FNDA:0,handleEarthType
DA:1,0
DA:3,0
DA:4,0
DA:6,0
DA:7,0
DA:8,0
DA:9,0
DA:10,0
DA:12,0
DA:22,0
DA:24,0
DA:25,0
DA:26,0
DA:27,0
DA:30,0
DA:32,0
DA:33,0
DA:36,0
DA:38,0
DA:44,0
DA:45,0
DA:46,0
DA:47,0
DA:50,0
DA:51,0
DA:52,0
DA:53,0
DA:54,0
DA:55,0
DA:56,0
DA:57,0
DA:58,0
DA:59,0
DA:70,0
DA:71,0
DA:75,0
DA:76,0
DA:77,0
LF:38
LH:0
BRDA:13,0,0,0
BRDA:13,0,1,0
BRDA:25,1,0,0
BRDA:25,1,1,0
BRDA:26,2,0,0
BRDA:26,2,1,0
BRDA:26,3,0,0
BRDA:26,3,1,0
BRDA:26,3,2,0
BRDA:32,4,0,0
BRDA:32,4,1,0
BRDA:52,5,0,0
BRDA:52,5,1,0
BRDA:60,6,0,0
BRDA:60,6,1,0
BRDA:60,7,0,0
BRDA:60,7,1,0
BRDA:76,8,0,0
BRDA:76,8,1,0
BRF:19
BRH:0
end_of_record
TN:
SF:src\processes\bot\handlers\help.ts
FN:4,handleHelp
FNF:1
FNH:0
FNDA:0,handleHelp
DA:4,0
DA:5,0
DA:33,0
LF:3
LH:0
BRF:0
BRH:0
end_of_record
TN:
SF:src\processes\bot\handlers\images.ts
FN:12,handleImages
FN:28,(anonymous_1)
FN:53,handleImageTopic
FN:63,(anonymous_3)
FN:111,handleImageSearch
FN:150,showImage
FN:230,handleImagePrev
FN:237,handleImageNext
FN:244,handleImageNavigation
FN:282,handleImagesMenu
FN:294,handleImagesCustomSearch
FN:316,handleImageInfo
FNF:12
FNH:0
FNDA:0,handleImages
FNDA:0,(anonymous_1)
FNDA:0,handleImageTopic
FNDA:0,(anonymous_3)
FNDA:0,handleImageSearch
FNDA:0,showImage
FNDA:0,handleImagePrev
FNDA:0,handleImageNext
FNDA:0,handleImageNavigation
FNDA:0,handleImagesMenu
FNDA:0,handleImagesCustomSearch
FNDA:0,handleImageInfo
DA:1,0
DA:4,0
DA:5,0
DA:12,0
DA:13,0
DA:18,0
DA:19,0
DA:23,0
DA:26,0
DA:27,0
DA:28,0
DA:29,0
DA:34,0
DA:38,0
DA:40,0
DA:44,0
DA:53,0
DA:54,0
DA:55,0
DA:56,0
DA:57,0
DA:60,0
DA:62,0
DA:63,0
DA:65,0
DA:66,0
DA:67,0
DA:70,0
DA:71,0
DA:72,0
DA:74,0
DA:76,0
DA:78,0
DA:79,0
DA:83,0
DA:84,0
DA:88,0
DA:89,0
DA:90,0
DA:91,0
DA:92,0
DA:95,0
DA:96,0
DA:98,0
DA:99,0
DA:112,0
DA:113,0
DA:114,0
DA:116,0
DA:118,0
DA:119,0
DA:126,0
DA:127,0
DA:131,0
DA:132,0
DA:133,0
DA:134,0
DA:135,0
DA:138,0
DA:139,0
DA:141,0
DA:142,0
DA:158,0
DA:162,0
DA:166,0
DA:171,0
DA:181,0
DA:182,0
DA:183,0
DA:184,0
DA:193,0
DA:195,0
DA:197,0
DA:198,0
DA:205,0
DA:206,0
DA:212,0
DA:214,0
DA:230,0
DA:231,0
DA:237,0
DA:238,0
DA:245,0
DA:246,0
DA:249,0
DA:250,0
DA:251,0
DA:252,0
DA:255,0
DA:256,0
DA:257,0
DA:259,0
DA:262,0
DA:263,0
DA:264,0
DA:265,0
DA:268,0
DA:271,0
DA:276,0
DA:282,0
DA:283,0
DA:284,0
DA:285,0
DA:288,0
DA:294,0
DA:295,0
DA:296,0
DA:297,0
DA:309,0
DA:316,0
DA:317,0
DA:318,0
LF:112
LH:0
BRDA:13,0,0,0
BRDA:13,0,1,0
BRDA:13,1,0,0
BRDA:13,1,1,0
BRDA:18,2,0,0
BRDA:18,2,1,0
BRDA:55,3,0,0
BRDA:55,3,1,0
BRDA:65,4,0,0
BRDA:65,4,1,0
BRDA:78,5,0,0
BRDA:78,5,1,0
BRDA:88,6,0,0
BRDA:88,6,1,0
BRDA:89,7,0,0
BRDA:89,7,1,0
BRDA:118,8,0,0
BRDA:118,8,1,0
BRDA:131,9,0,0
BRDA:131,9,1,0
BRDA:132,10,0,0
BRDA:132,10,1,0
BRDA:158,11,0,0
BRDA:158,11,1,0
BRDA:162,12,0,0
BRDA:162,12,1,0
BRDA:163,13,0,0
BRDA:163,13,1,0
BRDA:181,14,0,0
BRDA:181,14,1,0
BRDA:249,15,0,0
BRDA:249,15,1,0
BRDA:249,16,0,0
BRDA:249,16,1,0
BRDA:255,17,0,0
BRDA:255,17,1,0
BRDA:257,18,0,0
BRDA:257,18,1,0
BRDA:262,19,0,0
BRDA:262,19,1,0
BRDA:264,20,0,0
BRDA:264,20,1,0
BRDA:271,21,0,0
BRDA:271,21,1,0
BRDA:271,22,0,0
BRDA:271,22,1,0
BRF:46
BRH:0
end_of_record
TN:
SF:src\processes\bot\handlers\start.ts
FN:4,handleStart
FN:6,(anonymous_1)
FN:7,(anonymous_2)
FNF:3
FNH:0
FNDA:0,handleStart
FNDA:0,(anonymous_1)
FNDA:0,(anonymous_2)
DA:2,0
DA:4,0
DA:5,0
DA:6,0
DA:7,0
DA:10,0
DA:15,0
LF:7
LH:0
BRF:0
BRH:0
end_of_record
TN:
SF:src\processes\notifications\donki-notifications.ts
FN:24,(anonymous_0)
FN:36,(anonymous_1)
FN:46,(anonymous_2)
FN:51,(anonymous_3)
FN:52,(anonymous_4)
FN:63,(anonymous_5)
FN:75,(anonymous_6)
FN:102,(anonymous_7)
FN:140,(anonymous_8)
FN:172,(anonymous_9)
FN:204,(anonymous_10)
FN:216,(anonymous_11)
FN:217,(anonymous_12)
FN:243,(anonymous_13)
FNF:14
FNH:0
FNDA:0,(anonymous_0)
FNDA:0,(anonymous_1)
FNDA:0,(anonymous_2)
FNDA:0,(anonymous_3)
FNDA:0,(anonymous_4)
FNDA:0,(anonymous_5)
FNDA:0,(anonymous_6)
FNDA:0,(anonymous_7)
FNDA:0,(anonymous_8)
FNDA:0,(anonymous_9)
FNDA:0,(anonymous_10)
FNDA:0,(anonymous_11)
FNDA:0,(anonymous_12)
FNDA:0,(anonymous_13)
DA:3,0
DA:4,0
DA:6,0
DA:7,0
DA:15,0
DA:18,0
DA:19,0
DA:22,0
DA:25,0
DA:26,0
DA:37,0
DA:38,0
DA:39,0
DA:42,0
DA:43,0
DA:46,0
DA:47,0
DA:51,0
DA:52,0
DA:53,0
DA:57,0
DA:64,0
DA:65,0
DA:66,0
DA:68,0
DA:69,0
DA:76,0
DA:77,0
DA:80,0
DA:81,0
DA:82,0
DA:85,0
DA:88,0
DA:91,0
DA:93,0
DA:95,0
DA:103,0
DA:104,0
DA:106,0
DA:108,0
DA:109,0
DA:113,0
DA:114,0
DA:115,0
DA:119,0
DA:121,0
DA:122,0
DA:125,0
DA:126,0
DA:130,0
DA:133,0
DA:141,0
DA:142,0
DA:144,0
DA:146,0
DA:147,0
DA:151,0
DA:153,0
DA:154,0
DA:157,0
DA:158,0
DA:162,0
DA:165,0
DA:173,0
DA:174,0
DA:176,0
DA:178,0
DA:179,0
DA:183,0
DA:185,0
DA:186,0
DA:189,0
DA:190,0
DA:194,0
DA:197,0
DA:205,0
DA:206,0
DA:208,0
DA:209,0
DA:210,0
DA:217,0
DA:218,0
DA:219,0
DA:224,0
DA:225,0
DA:226,0
DA:227,0
DA:229,0
DA:232,0
DA:237,0
DA:246,0
DA:248,0
DA:249,0
DA:251,0
DA:252,0
DA:254,0
DA:255,0
LF:97
LH:0
BRDA:37,0,0,0
BRDA:37,0,1,0
BRDA:64,1,0,0
BRDA:64,1,1,0
BRDA:108,2,0,0
BRDA:108,2,1,0
BRDA:114,3,0,0
BRDA:114,3,1,0
BRDA:121,4,0,0
BRDA:121,4,1,0
BRDA:146,5,0,0
BRDA:146,5,1,0
BRDA:153,6,0,0
BRDA:153,6,1,0
BRDA:178,7,0,0
BRDA:178,7,1,0
BRDA:185,8,0,0
BRDA:185,8,1,0
BRDA:206,9,0,0
BRDA:206,9,1,0
BRDA:208,10,0,0
BRDA:208,10,1,0
BRDA:209,11,0,0
BRDA:209,11,1,0
BRDA:224,12,0,0
BRDA:224,12,1,0
BRDA:224,13,0,0
BRDA:224,13,1,0
BRDA:224,13,2,0
BRDA:226,14,0,0
BRDA:226,14,1,0
BRDA:248,15,0,0
BRDA:248,15,1,0
BRDA:251,16,0,0
BRDA:251,16,1,0
BRDA:254,17,0,0
BRDA:254,17,1,0
BRF:37
BRH:0
end_of_record
TN:
SF:src\processes\schedulers\subscription.scheduler.ts
FN:13,(anonymous_9)
FN:22,(anonymous_10)
FN:33,(anonymous_11)
FN:46,(anonymous_12)
FN:58,(anonymous_13)
FN:68,(anonymous_14)
FN:87,(anonymous_15)
FN:142,(anonymous_16)
FN:165,(anonymous_17)
FN:191,(anonymous_18)
FN:252,(anonymous_19)
FNF:11
FNH:0
FNDA:0,(anonymous_9)
FNDA:0,(anonymous_10)
FNDA:0,(anonymous_11)
FNDA:0,(anonymous_12)
FNDA:0,(anonymous_13)
FNDA:0,(anonymous_14)
FNDA:0,(anonymous_15)
FNDA:0,(anonymous_16)
FNDA:0,(anonymous_17)
FNDA:0,(anonymous_18)
FNDA:0,(anonymous_19)
DA:1,0
DA:3,0
DA:4,0
DA:5,0
DA:7,0
DA:10,0
DA:11,0
DA:14,0
DA:15,0
DA:23,0
DA:24,0
DA:25,0
DA:28,0
DA:29,0
DA:33,0
DA:34,0
DA:40,0
DA:47,0
DA:48,0
DA:49,0
DA:51,0
DA:52,0
DA:59,0
DA:60,0
DA:61,0
DA:64,0
DA:67,0
DA:68,0
DA:71,0
DA:76,0
DA:77,0
DA:80,0
DA:94,0
DA:95,0
DA:96,0
DA:98,0
DA:99,0
DA:103,0
DA:105,0
DA:106,0
DA:107,0
DA:110,0
DA:111,0
DA:112,0
DA:115,0
DA:116,0
DA:117,0
DA:120,0
DA:123,0
DA:127,0
DA:128,0
DA:129,0
DA:135,0
DA:146,0
DA:148,0
DA:149,0
DA:150,0
DA:155,0
DA:156,0
DA:171,0
DA:172,0
DA:177,0
DA:182,0
DA:197,0
DA:198,0
DA:199,0
DA:202,0
DA:204,0
DA:206,0
DA:208,0
DA:209,0
DA:210,0
DA:211,0
DA:219,0
DA:221,0
DA:224,0
DA:225,0
DA:226,0
DA:227,0
DA:233,0
DA:236,0
DA:239,0
DA:242,0
DA:243,0
DA:263,0
DA:264,0
DA:276,0
LF:87
LH:0
BRDA:23,0,0,0
BRDA:23,0,1,0
BRDA:47,1,0,0
BRDA:47,1,1,0
BRDA:103,2,0,0
BRDA:103,2,1,0
BRDA:103,2,2,0
BRDA:103,2,3,0
BRDA:128,3,0,0
BRDA:128,3,1,0
BRDA:148,4,0,0
BRDA:148,4,1,0
BRDA:171,5,0,0
BRDA:171,5,1,0
BRDA:177,6,0,0
BRDA:177,6,1,0
BRDA:202,7,0,0
BRDA:202,7,1,0
BRDA:206,8,0,0
BRDA:206,8,1,0
BRDA:206,8,2,0
BRDA:209,9,0,0
BRDA:209,9,1,0
BRDA:216,10,0,0
BRDA:216,10,1,0
BRDA:217,11,0,0
BRDA:217,11,1,0
BRDA:225,12,0,0
BRDA:225,12,1,0
BRDA:231,13,0,0
BRDA:231,13,1,0
BRDA:242,14,0,0
BRDA:242,14,1,0
BRDA:271,15,0,0
BRDA:271,15,1,0
BRDA:272,16,0,0
BRDA:272,16,1,0
BRF:37
BRH:0
end_of_record
TN:
SF:src\shared\api\nasa.ts
FN:8,(anonymous_1)
FN:17,(anonymous_2)
FN:40,(anonymous_3)
FNF:3
FNH:0
FNDA:0,(anonymous_1)
FNDA:0,(anonymous_2)
FNDA:0,(anonymous_3)
DA:1,0
DA:2,0
DA:4,0
DA:9,0
DA:10,0
DA:18,0
DA:19,0
DA:21,0
DA:22,0
DA:23,0
DA:24,0
DA:26,0
DA:28,0
DA:29,0
DA:30,0
DA:33,0
DA:34,0
DA:35,0
DA:39,0
DA:40,0
DA:41,0
DA:45,0
DA:50,0
LF:23
LH:0
BRDA:8,0,0,0
BRDA:13,1,0,0
BRDA:13,1,1,0
BRDA:17,2,0,0
BRDA:26,3,0,0
BRDA:26,3,1,0
BRDA:28,4,0,0
BRDA:28,4,1,0
BRDA:30,5,0,0
BRDA:30,5,1,0
BRDA:30,5,2,0
BRDA:30,5,3,0
BRDA:33,6,0,0
BRDA:33,6,1,0
BRDA:33,7,0,0
BRDA:33,7,1,0
BRDA:34,8,0,0
BRDA:34,8,1,0
BRDA:35,9,0,0
BRDA:35,9,1,0
BRDA:50,10,0,0
BRDA:50,10,1,0
BRF:22
BRH:0
end_of_record
TN:
SF:src\shared\db\prisma.ts
FN:9,closeDatabase
FNF:1
FNH:0
FNDA:0,closeDatabase
DA:1,0
DA:2,0
DA:4,0
DA:9,0
DA:10,0
LF:5
LH:0
BRDA:5,0,0,0
BRDA:5,0,1,0
BRF:2
BRH:0
end_of_record
TN:
SF:src\shared\db\repositories\subscriptions.ts
FN:8,(anonymous_0)
FN:17,(anonymous_1)
FN:29,(anonymous_2)
FN:38,(anonymous_3)
FN:77,(anonymous_4)
FN:89,(anonymous_5)
FN:94,(anonymous_6)
FN:112,(anonymous_7)
FNF:8
FNH:0
FNDA:0,(anonymous_0)
FNDA:0,(anonymous_1)
FNDA:0,(anonymous_2)
FNDA:0,(anonymous_3)
FNDA:0,(anonymous_4)
FNDA:0,(anonymous_5)
FNDA:0,(anonymous_6)
FNDA:0,(anonymous_7)
DA:1,0
DA:6,0
DA:9,0
DA:18,0
DA:30,0
DA:43,0
DA:45,0
DA:47,0
DA:55,0
DA:78,0
DA:79,0
DA:80,0
DA:83,0
DA:89,0
DA:95,0
DA:101,0
DA:103,0
DA:112,0
DA:116,0
LF:19
LH:0
BRDA:45,0,0,0
BRDA:45,0,1,0
BRDA:79,1,0,0
BRDA:79,1,1,0
BRF:4
BRH:0
end_of_record
TN:
SF:src\shared\di\container.ts
FN:14,(anonymous_0)
FN:27,(anonymous_1)
FN:34,(anonymous_2)
FN:41,(anonymous_3)
FN:48,(anonymous_4)
FN:55,(anonymous_5)
FN:63,(anonymous_6)
FN:70,(anonymous_7)
FN:80,(anonymous_8)
FN:85,(anonymous_9)
FN:90,(anonymous_10)
FN:94,(anonymous_11)
FNF:12
FNH:0
FNDA:0,(anonymous_0)
FNDA:0,(anonymous_1)
FNDA:0,(anonymous_2)
FNDA:0,(anonymous_3)
FNDA:0,(anonymous_4)
FNDA:0,(anonymous_5)
FNDA:0,(anonymous_6)
FNDA:0,(anonymous_7)
FNDA:0,(anonymous_8)
FNDA:0,(anonymous_9)
FNDA:0,(anonymous_10)
FNDA:0,(anonymous_11)
DA:1,0
DA:2,0
DA:3,0
DA:4,0
DA:5,0
DA:6,0
DA:7,0
DA:8,0
DA:16,0
DA:17,0
DA:18,0
DA:19,0
DA:20,0
DA:23,0
DA:24,0
DA:28,0
DA:29,0
DA:31,0
DA:35,0
DA:36,0
DA:38,0
DA:42,0
DA:43,0
DA:45,0
DA:49,0
DA:50,0
DA:52,0
DA:56,0
DA:57,0
DA:59,0
DA:64,0
DA:65,0
DA:67,0
DA:71,0
DA:72,0
DA:74,0
DA:81,0
DA:82,0
DA:86,0
DA:87,0
DA:91,0
DA:95,0
DA:100,0
LF:43
LH:0
BRDA:28,0,0,0
BRDA:28,0,1,0
BRDA:35,1,0,0
BRDA:35,1,1,0
BRDA:42,2,0,0
BRDA:42,2,1,0
BRDA:49,3,0,0
BRDA:49,3,1,0
BRDA:56,4,0,0
BRDA:56,4,1,0
BRDA:64,5,0,0
BRDA:64,5,1,0
BRDA:71,6,0,0
BRDA:71,6,1,0
BRF:14
BRH:0
end_of_record
TN:
SF:src\shared\lib\rateLimiter.ts
FN:26,getRequestType
FN:41,rateLimitMiddleware
FN:42,(anonymous_2)
FN:67,(anonymous_3)
FN:70,(anonymous_4)
FN:128,cleanupOldRequests
FN:132,(anonymous_6)
FN:135,(anonymous_7)
FNF:8
FNH:0
FNDA:0,getRequestType
FNDA:0,rateLimitMiddleware
FNDA:0,(anonymous_2)
FNDA:0,(anonymous_3)
FNDA:0,(anonymous_4)
FNDA:0,cleanupOldRequests
FNDA:0,(anonymous_6)
FNDA:0,(anonymous_7)
DA:12,0
DA:17,0
DA:20,0
DA:21,0
DA:27,0
DA:28,0
DA:30,0
DA:31,0
DA:33,0
DA:41,0
DA:42,0
DA:43,0
DA:46,0
DA:47,0
DA:50,0
DA:53,0
DA:54,0
DA:57,0
DA:58,0
DA:60,0
DA:61,0
DA:62,0
DA:66,0
DA:67,0
DA:69,0
DA:70,0
DA:77,0
DA:78,0
DA:79,0
DA:81,0
DA:82,0
DA:86,0
DA:87,0
DA:88,0
DA:94,0
DA:95,0
DA:96,0
DA:101,0
DA:105,0
DA:106,0
DA:107,0
DA:109,0
DA:110,0
DA:113,0
DA:116,0
DA:118,0
DA:121,0
DA:129,0
DA:130,0
DA:131,0
DA:132,0
DA:134,0
DA:135,0
DA:138,0
DA:139,0
DA:141,0
LF:56
LH:0
BRDA:27,0,0,0
BRDA:27,0,1,0
BRDA:27,1,0,0
BRDA:27,1,1,0
BRDA:27,1,2,0
BRDA:30,2,0,0
BRDA:30,2,1,0
BRDA:46,3,0,0
BRDA:46,3,1,0
BRDA:53,4,0,0
BRDA:53,4,1,0
BRDA:60,5,0,0
BRDA:60,5,1,0
BRDA:77,6,0,0
BRDA:77,6,1,0
BRDA:86,7,0,0
BRDA:86,7,1,0
BRDA:87,8,0,0
BRDA:87,8,1,0
BRDA:94,9,0,0
BRDA:94,9,1,0
BRDA:105,10,0,0
BRDA:105,10,1,0
BRDA:116,11,0,0
BRDA:116,11,1,0
BRDA:138,12,0,0
BRDA:138,12,1,0
BRDA:138,13,0,0
BRDA:138,13,1,0
BRF:29
BRH:0
end_of_record
TN:
SF:src\shared\lib\telegramHelpers.ts
FN:6,getCallbackQueryData
FN:23,isMessageWithId
FN:35,getMessageId
FNF:3
FNH:0
FNDA:0,getCallbackQueryData
FNDA:0,isMessageWithId
FNDA:0,getMessageId
DA:6,0
DA:7,0
DA:8,0
DA:10,0
DA:23,0
DA:24,0
DA:35,0
DA:36,0
DA:37,0
DA:39,0
DA:40,0
DA:41,0
DA:42,0
DA:45,0
LF:14
LH:0
BRDA:7,0,0,0
BRDA:7,0,1,0
BRDA:7,1,0,0
BRDA:7,1,1,0
BRDA:25,2,0,0
BRDA:25,2,1,0
BRDA:25,2,2,0
BRDA:25,2,3,0
BRDA:36,3,0,0
BRDA:36,3,1,0
BRDA:39,4,0,0
BRDA:39,4,1,0
BRDA:39,5,0,0
BRDA:39,5,1,0
BRDA:39,5,2,0
BRDA:41,6,0,0
BRDA:41,6,1,0
BRF:17
BRH:0
end_of_record
TN:
SF:src\shared\lib\errorHandler\errorHandler.ts
FN:8,(anonymous_0)
FN:17,createError
FN:24,handleError
FN:41,handleTelegramError
FNF:4
FNH:0
FNDA:0,(anonymous_0)
FNDA:0,createError
FNDA:0,handleError
FNDA:0,handleTelegramError
DA:7,0
DA:8,0
DA:9,0
DA:10,0
DA:17,0
DA:18,0
DA:24,0
DA:25,0
DA:26,0
DA:29,0
DA:30,0
DA:31,0
DA:34,0
DA:35,0
DA:41,0
DA:46,0
DA:48,0
DA:51,0
DA:57,0
DA:58,0
DA:59,0
DA:60,0
DA:61,0
DA:62,0
DA:65,0
DA:67,0
LF:26
LH:0
BRDA:25,0,0,0
BRDA:25,0,1,0
BRDA:29,1,0,0
BRDA:29,1,1,0
BRDA:44,2,0,0
BRDA:48,3,0,0
BRDA:48,3,1,0
BRDA:51,4,0,0
BRDA:51,4,1,0
BRDA:52,5,0,0
BRDA:52,5,1,0
BRDA:52,5,2,0
BRDA:52,5,3,0
BRDA:58,6,0,0
BRDA:58,6,1,0
BRDA:60,7,0,0
BRDA:60,7,1,0
BRDA:62,8,0,0
BRDA:62,8,1,0
BRDA:62,9,0,0
BRDA:62,9,1,0
BRDA:62,9,2,0
BRF:22
BRH:0
end_of_record
TN:
SF:src\shared\ui\keyboard.ts
FN:3,createPhotoNavigationKeyboard
FNF:1
FNH:0
FNDA:0,createPhotoNavigationKeyboard
DA:3,0
DA:4,0
LF:2
LH:0
BRF:0
BRH:0
end_of_record
